2020-11-17 20:07:39 - Namespace(batch_size=32, cuda=False, epochs=6, federate_after_n_batches=50, log_interval=25, lr=0.01, seed=1, test_batch_size=1000, verbose=False)
2020-11-17 20:07:40 - <WebsocketClientWorker id:alice #objects local:0 #objects remote: 0>
2020-11-17 20:07:40 - <WebsocketClientWorker id:bob #objects local:0 #objects remote: 0>
2020-11-17 20:07:40 - <WebsocketClientWorker id:charlie #objects local:0 #objects remote: 0>
Net(
  (conv1): Conv2d(1, 20, kernel_size=(5, 5), stride=(1, 1))
  (BN1): BatchNorm2d(20, eps=1e-05, momentum=0.1, affine=True, track_running_stats=True)
  (conv2): Conv2d(20, 50, kernel_size=(5, 5), stride=(1, 1))
  (BN2): BatchNorm2d(50, eps=1e-05, momentum=0.1, affine=True, track_running_stats=True)
  (fc1): Linear(in_features=800, out_features=500, bias=True)
  (fc2): Linear(in_features=500, out_features=10, bias=True)
)
2020-11-17 20:07:58 - Starting epoch 1/6
2020-11-17 20:08:11 - Starting training round, batches [0, 50]
2020-11-17 20:08:12 - Train Worker alice: [0/50 (0%)]	Loss: 2.315606
2020-11-17 20:08:21 - Train Worker alice: [25/50 (50%)]	Loss: 0.778827
2020-11-17 20:08:32 - Train Worker bob: [0/50 (0%)]	Loss: 2.306253
2020-11-17 20:08:40 - Train Worker bob: [25/50 (50%)]	Loss: 2.321738
2020-11-17 20:08:51 - Train Worker charlie: [0/50 (0%)]	Loss: 2.303905
2020-11-17 20:08:59 - Train Worker charlie: [25/50 (50%)]	Loss: 2.294924
2020-11-17 20:09:21 - Starting training round, batches [50, 100]
2020-11-17 20:09:22 - Train Worker alice: [0/50 (0%)]	Loss: 2.301958
2020-11-17 20:09:30 - Train Worker alice: [25/50 (50%)]	Loss: 2.310047
2020-11-17 20:09:41 - Train Worker bob: [0/50 (0%)]	Loss: 2.304299
2020-11-17 20:09:49 - Train Worker bob: [25/50 (50%)]	Loss: 2.295916
2020-11-17 20:10:00 - Train Worker charlie: [0/50 (0%)]	Loss: 2.301494
2020-11-17 20:10:08 - Train Worker charlie: [25/50 (50%)]	Loss: 2.293427
2020-11-17 20:10:31 - Starting training round, batches [100, 150]
2020-11-17 20:10:32 - Train Worker alice: [0/50 (0%)]	Loss: 2.300130
2020-11-17 20:10:40 - Train Worker alice: [25/50 (50%)]	Loss: 2.314209
2020-11-17 20:10:50 - Train Worker bob: [0/50 (0%)]	Loss: 2.302619
2020-11-17 20:10:58 - Train Worker bob: [25/50 (50%)]	Loss: 2.315456
2020-11-17 20:11:08 - Train Worker charlie: [0/50 (0%)]	Loss: 2.311983
2020-11-17 20:11:15 - Train Worker charlie: [25/50 (50%)]	Loss: 2.286925
2020-11-17 20:11:36 - Starting training round, batches [150, 200]
2020-11-17 20:11:37 - Train Worker alice: [0/50 (0%)]	Loss: 2.302498
2020-11-17 20:11:45 - Train Worker alice: [25/50 (50%)]	Loss: 2.287272
2020-11-17 20:11:55 - Train Worker bob: [0/50 (0%)]	Loss: 2.301243
2020-11-17 20:12:03 - Train Worker bob: [25/50 (50%)]	Loss: 2.297642
2020-11-17 20:12:14 - Train Worker charlie: [0/50 (0%)]	Loss: 2.301832
2020-11-17 20:12:22 - Train Worker charlie: [25/50 (50%)]	Loss: 2.331276
2020-11-17 20:12:43 - Starting training round, batches [200, 250]
2020-11-17 20:12:43 - Train Worker alice: [0/50 (0%)]	Loss: 2.302938
2020-11-17 20:12:51 - Train Worker alice: [25/50 (50%)]	Loss: 2.295105
2020-11-17 20:13:01 - Train Worker bob: [0/50 (0%)]	Loss: 2.304919
2020-11-17 20:13:09 - Train Worker bob: [25/50 (50%)]	Loss: 2.320851
2020-11-17 20:13:18 - Train Worker charlie: [0/50 (0%)]	Loss: 2.311978
2020-11-17 20:13:26 - Train Worker charlie: [25/50 (50%)]	Loss: 2.300692
2020-11-17 20:13:46 - Starting training round, batches [250, 300]
2020-11-17 20:13:47 - Train Worker alice: [0/50 (0%)]	Loss: 2.304332
2020-11-17 20:13:55 - Train Worker alice: [25/50 (50%)]	Loss: 2.321637
2020-11-17 20:14:04 - Train Worker bob: [0/50 (0%)]	Loss: 2.285710
2020-11-17 20:14:12 - Train Worker bob: [25/50 (50%)]	Loss: 2.283677
2020-11-17 20:14:22 - Train Worker charlie: [0/50 (0%)]	Loss: 2.299289
2020-11-17 20:14:29 - Train Worker charlie: [25/50 (50%)]	Loss: 2.293040
2020-11-17 20:14:49 - Starting training round, batches [300, 350]
2020-11-17 20:14:50 - Train Worker alice: [0/50 (0%)]	Loss: 2.281187
2020-11-17 20:14:58 - Train Worker alice: [25/50 (50%)]	Loss: 2.321401
2020-11-17 20:15:09 - Train Worker bob: [0/50 (0%)]	Loss: 2.315010
2020-11-17 20:15:17 - Train Worker bob: [25/50 (50%)]	Loss: 2.298723
2020-11-17 20:15:27 - Train Worker charlie: [0/50 (0%)]	Loss: 2.298451
2020-11-17 20:15:34 - Train Worker charlie: [25/50 (50%)]	Loss: 2.305262
2020-11-17 20:15:55 - Starting training round, batches [350, 400]
2020-11-17 20:15:56 - Train Worker alice: [0/50 (0%)]	Loss: 2.284613
2020-11-17 20:16:04 - Train Worker alice: [25/50 (50%)]	Loss: 2.288893
2020-11-17 20:16:14 - Train Worker bob: [0/50 (0%)]	Loss: 2.309956
2020-11-17 20:16:22 - Train Worker bob: [25/50 (50%)]	Loss: 2.294850
2020-11-17 20:16:32 - Train Worker charlie: [0/50 (0%)]	Loss: 2.296250
2020-11-17 20:16:40 - Train Worker charlie: [25/50 (50%)]	Loss: 2.301110
2020-11-17 20:17:00 - Starting training round, batches [400, 450]
2020-11-17 20:17:01 - Train Worker alice: [0/50 (0%)]	Loss: 2.302802
2020-11-17 20:17:08 - Train Worker alice: [25/50 (50%)]	Loss: 2.315935
2020-11-17 20:17:18 - Train Worker bob: [0/50 (0%)]	Loss: 2.289295
2020-11-17 20:17:26 - Train Worker bob: [25/50 (50%)]	Loss: 2.279742
2020-11-17 20:17:36 - Train Worker charlie: [0/50 (0%)]	Loss: 2.308018
2020-11-17 20:17:44 - Train Worker charlie: [25/50 (50%)]	Loss: 2.303447
2020-11-17 20:18:04 - Starting training round, batches [450, 500]
2020-11-17 20:18:05 - Train Worker alice: [0/50 (0%)]	Loss: 2.298770
2020-11-17 20:18:13 - Train Worker alice: [25/50 (50%)]	Loss: 2.304257
2020-11-17 20:18:23 - Train Worker bob: [0/50 (0%)]	Loss: 2.309018
2020-11-17 20:18:31 - Train Worker bob: [25/50 (50%)]	Loss: 2.309869
2020-11-17 20:18:40 - Train Worker charlie: [0/50 (0%)]	Loss: 2.313666
2020-11-17 20:18:48 - Train Worker charlie: [25/50 (50%)]	Loss: 2.309039
2020-11-17 20:19:09 - Starting training round, batches [500, 550]
2020-11-17 20:19:10 - Train Worker alice: [0/50 (0%)]	Loss: 2.300501
2020-11-17 20:19:18 - Train Worker alice: [25/50 (50%)]	Loss: 2.301727
2020-11-17 20:19:28 - Train Worker bob: [0/50 (0%)]	Loss: 2.311262
2020-11-17 20:19:36 - Train Worker bob: [25/50 (50%)]	Loss: 2.298614
2020-11-17 20:19:45 - Train Worker charlie: [0/50 (0%)]	Loss: 2.298366
2020-11-17 20:19:53 - Train Worker charlie: [25/50 (50%)]	Loss: 2.276416
2020-11-17 20:20:14 - Starting training round, batches [550, 600]
2020-11-17 20:20:14 - Train Worker alice: [0/50 (0%)]	Loss: 2.290086
2020-11-17 20:20:22 - Train Worker alice: [25/50 (50%)]	Loss: 2.327527
2020-11-17 20:20:32 - Train Worker bob: [0/50 (0%)]	Loss: 2.313311
2020-11-17 20:20:40 - Train Worker bob: [25/50 (50%)]	Loss: 2.293967
2020-11-17 20:20:50 - Train Worker charlie: [0/50 (0%)]	Loss: 2.312275
2020-11-17 20:20:58 - Train Worker charlie: [25/50 (50%)]	Loss: 2.286048
2020-11-17 20:21:13 - Starting training round, batches [600, 650]
2020-11-17 20:21:13 - Train Worker alice: [0/25 (0%)]	Loss: 2.295397
2020-11-17 20:21:23 - Train Worker bob: [0/25 (0%)]	Loss: 2.294809
2020-11-17 20:21:33 - Train Worker charlie: [0/25 (0%)]	Loss: 2.317407
2020-11-17 20:21:43 - Starting training round, batches [650, 700]
2020-11-17 20:21:43 - At least one worker ran out of data, stopping.
2020-11-17 20:21:50 - Test set: Average loss: 2.3013, Accuracy: 1135/10000 (11%)

2020-11-17 20:21:50 - Starting epoch 2/6
2020-11-17 20:22:01 - Starting training round, batches [0, 50]
2020-11-17 20:22:01 - Train Worker alice: [0/50 (0%)]	Loss: 2.291887
2020-11-17 20:22:09 - Train Worker alice: [25/50 (50%)]	Loss: 2.305773
2020-11-17 20:22:19 - Train Worker bob: [0/50 (0%)]	Loss: 2.304620
2020-11-17 20:22:26 - Train Worker bob: [25/50 (50%)]	Loss: 2.289737
2020-11-17 20:22:36 - Train Worker charlie: [0/50 (0%)]	Loss: 2.294781
2020-11-17 20:22:44 - Train Worker charlie: [25/50 (50%)]	Loss: 2.300308
2020-11-17 20:23:04 - Starting training round, batches [50, 100]
2020-11-17 20:23:04 - Train Worker alice: [0/50 (0%)]	Loss: 2.305351
2020-11-17 20:23:12 - Train Worker alice: [25/50 (50%)]	Loss: 2.292084
2020-11-17 20:23:22 - Train Worker bob: [0/50 (0%)]	Loss: 2.293869
2020-11-17 20:23:29 - Train Worker bob: [25/50 (50%)]	Loss: 2.297667
2020-11-17 20:23:39 - Train Worker charlie: [0/50 (0%)]	Loss: 2.291818
2020-11-17 20:23:47 - Train Worker charlie: [25/50 (50%)]	Loss: 2.301799
2020-11-17 20:24:07 - Starting training round, batches [100, 150]
2020-11-17 20:24:07 - Train Worker alice: [0/50 (0%)]	Loss: 2.299329
2020-11-17 20:24:15 - Train Worker alice: [25/50 (50%)]	Loss: 2.298639
2020-11-17 20:24:25 - Train Worker bob: [0/50 (0%)]	Loss: 2.302067
2020-11-17 20:24:32 - Train Worker bob: [25/50 (50%)]	Loss: 2.287727
2020-11-17 20:24:42 - Train Worker charlie: [0/50 (0%)]	Loss: 2.305580
2020-11-17 20:24:49 - Train Worker charlie: [25/50 (50%)]	Loss: 2.281949
2020-11-17 20:25:09 - Starting training round, batches [150, 200]
2020-11-17 20:25:10 - Train Worker alice: [0/50 (0%)]	Loss: 2.292329
2020-11-17 20:25:17 - Train Worker alice: [25/50 (50%)]	Loss: 2.301088
2020-11-17 20:25:27 - Train Worker bob: [0/50 (0%)]	Loss: 2.289696
2020-11-17 20:25:35 - Train Worker bob: [25/50 (50%)]	Loss: 2.295913
2020-11-17 20:25:44 - Train Worker charlie: [0/50 (0%)]	Loss: 2.300529
2020-11-17 20:25:52 - Train Worker charlie: [25/50 (50%)]	Loss: 2.292417
2020-11-17 20:26:11 - Starting training round, batches [200, 250]
2020-11-17 20:26:12 - Train Worker alice: [0/50 (0%)]	Loss: 2.320638
2020-11-17 20:26:20 - Train Worker alice: [25/50 (50%)]	Loss: 2.284019
2020-11-17 20:26:29 - Train Worker bob: [0/50 (0%)]	Loss: 2.316055
2020-11-17 20:26:37 - Train Worker bob: [25/50 (50%)]	Loss: 2.298497
2020-11-17 20:26:46 - Train Worker charlie: [0/50 (0%)]	Loss: 2.305957
2020-11-17 20:26:54 - Train Worker charlie: [25/50 (50%)]	Loss: 2.295925
2020-11-17 20:27:14 - Starting training round, batches [250, 300]
2020-11-17 20:27:14 - Train Worker alice: [0/50 (0%)]	Loss: 2.299008
2020-11-17 20:27:22 - Train Worker alice: [25/50 (50%)]	Loss: 2.305721
2020-11-17 20:27:32 - Train Worker bob: [0/50 (0%)]	Loss: 2.303018
2020-11-17 20:27:39 - Train Worker bob: [25/50 (50%)]	Loss: 2.293727
2020-11-17 20:27:49 - Train Worker charlie: [0/50 (0%)]	Loss: 2.297279
2020-11-17 20:27:57 - Train Worker charlie: [25/50 (50%)]	Loss: 2.299834
2020-11-17 20:28:17 - Starting training round, batches [300, 350]
2020-11-17 20:28:17 - Train Worker alice: [0/50 (0%)]	Loss: 2.294482
2020-11-17 20:28:25 - Train Worker alice: [25/50 (50%)]	Loss: 2.255618
2020-11-17 20:28:35 - Train Worker bob: [0/50 (0%)]	Loss: 2.300912
2020-11-17 20:28:42 - Train Worker bob: [25/50 (50%)]	Loss: 2.295404
2020-11-17 20:28:52 - Train Worker charlie: [0/50 (0%)]	Loss: 2.293888
2020-11-17 20:29:00 - Train Worker charlie: [25/50 (50%)]	Loss: 2.299277
2020-11-17 20:29:19 - Starting training round, batches [350, 400]
2020-11-17 20:29:20 - Train Worker alice: [0/50 (0%)]	Loss: 2.334919
2020-11-17 20:29:28 - Train Worker alice: [25/50 (50%)]	Loss: 2.284136
2020-11-17 20:29:37 - Train Worker bob: [0/50 (0%)]	Loss: 2.325551
2020-11-17 20:29:45 - Train Worker bob: [25/50 (50%)]	Loss: 2.307666
2020-11-17 20:29:55 - Train Worker charlie: [0/50 (0%)]	Loss: 2.309399
2020-11-17 20:30:02 - Train Worker charlie: [25/50 (50%)]	Loss: 2.322627
2020-11-17 20:30:22 - Starting training round, batches [400, 450]
2020-11-17 20:30:22 - Train Worker alice: [0/50 (0%)]	Loss: 2.307171
2020-11-17 20:30:30 - Train Worker alice: [25/50 (50%)]	Loss: 2.301733
2020-11-17 20:30:40 - Train Worker bob: [0/50 (0%)]	Loss: 2.296688
2020-11-17 20:30:47 - Train Worker bob: [25/50 (50%)]	Loss: 2.295520
2020-11-17 20:30:58 - Train Worker charlie: [0/50 (0%)]	Loss: 2.301922
2020-11-17 20:31:06 - Train Worker charlie: [25/50 (50%)]	Loss: 2.309972
2020-11-17 20:31:26 - Starting training round, batches [450, 500]
2020-11-17 20:31:27 - Train Worker alice: [0/50 (0%)]	Loss: 2.294656
2020-11-17 20:31:35 - Train Worker alice: [25/50 (50%)]	Loss: 2.284572
2020-11-17 20:31:44 - Train Worker bob: [0/50 (0%)]	Loss: 2.313035
2020-11-17 20:31:52 - Train Worker bob: [25/50 (50%)]	Loss: 2.304127
2020-11-17 20:32:01 - Train Worker charlie: [0/50 (0%)]	Loss: 2.295068
2020-11-17 20:32:09 - Train Worker charlie: [25/50 (50%)]	Loss: 2.306805
2020-11-17 20:32:29 - Starting training round, batches [500, 550]
2020-11-17 20:32:29 - Train Worker alice: [0/50 (0%)]	Loss: 2.283176
2020-11-17 20:32:37 - Train Worker alice: [25/50 (50%)]	Loss: 2.300010
2020-11-17 20:32:46 - Train Worker bob: [0/50 (0%)]	Loss: 2.316783
2020-11-17 20:32:54 - Train Worker bob: [25/50 (50%)]	Loss: 2.293704
2020-11-17 20:33:04 - Train Worker charlie: [0/50 (0%)]	Loss: 2.304745
2020-11-17 20:33:11 - Train Worker charlie: [25/50 (50%)]	Loss: 2.299765
2020-11-17 20:33:31 - Starting training round, batches [550, 600]
2020-11-17 20:33:31 - Train Worker alice: [0/50 (0%)]	Loss: 2.299956
2020-11-17 20:33:39 - Train Worker alice: [25/50 (50%)]	Loss: 2.295317
2020-11-17 20:33:49 - Train Worker bob: [0/50 (0%)]	Loss: 2.303344
2020-11-17 20:33:56 - Train Worker bob: [25/50 (50%)]	Loss: 2.307225
2020-11-17 20:34:06 - Train Worker charlie: [0/50 (0%)]	Loss: 2.302920
2020-11-17 20:34:14 - Train Worker charlie: [25/50 (50%)]	Loss: 2.291962
2020-11-17 20:34:28 - Starting training round, batches [600, 650]
2020-11-17 20:34:29 - Train Worker alice: [0/25 (0%)]	Loss: 2.305101
2020-11-17 20:34:39 - Train Worker bob: [0/25 (0%)]	Loss: 2.300756
2020-11-17 20:34:49 - Train Worker charlie: [0/25 (0%)]	Loss: 2.293710
2020-11-17 20:34:58 - Starting training round, batches [650, 700]
2020-11-17 20:34:58 - At least one worker ran out of data, stopping.
2020-11-17 20:35:04 - Test set: Average loss: 2.3017, Accuracy: 1135/10000 (11%)

2020-11-17 20:35:04 - Starting epoch 3/6
2020-11-17 20:35:15 - Starting training round, batches [0, 50]
2020-11-17 20:35:15 - Train Worker alice: [0/50 (0%)]	Loss: 2.305079
2020-11-17 20:35:23 - Train Worker alice: [25/50 (50%)]	Loss: 2.303474
2020-11-17 20:35:33 - Train Worker bob: [0/50 (0%)]	Loss: 2.306143
2020-11-17 20:35:40 - Train Worker bob: [25/50 (50%)]	Loss: 2.306406
2020-11-17 20:35:50 - Train Worker charlie: [0/50 (0%)]	Loss: 2.312887
2020-11-17 20:35:58 - Train Worker charlie: [25/50 (50%)]	Loss: 2.286588
2020-11-17 20:36:18 - Starting training round, batches [50, 100]
2020-11-17 20:36:18 - Train Worker alice: [0/50 (0%)]	Loss: 2.296497
2020-11-17 20:36:26 - Train Worker alice: [25/50 (50%)]	Loss: 2.307040
2020-11-17 20:36:35 - Train Worker bob: [0/50 (0%)]	Loss: 2.296095
2020-11-17 20:36:43 - Train Worker bob: [25/50 (50%)]	Loss: 2.314663
2020-11-17 20:36:53 - Train Worker charlie: [0/50 (0%)]	Loss: 2.313963
2020-11-17 20:37:00 - Train Worker charlie: [25/50 (50%)]	Loss: 2.314115
2020-11-17 20:37:20 - Starting training round, batches [100, 150]
2020-11-17 20:37:20 - Train Worker alice: [0/50 (0%)]	Loss: 2.307329
2020-11-17 20:37:28 - Train Worker alice: [25/50 (50%)]	Loss: 2.330429
2020-11-17 20:37:38 - Train Worker bob: [0/50 (0%)]	Loss: 2.320552
2020-11-17 20:37:45 - Train Worker bob: [25/50 (50%)]	Loss: 2.281404
2020-11-17 20:37:56 - Train Worker charlie: [0/50 (0%)]	Loss: 2.309848
2020-11-17 20:38:04 - Train Worker charlie: [25/50 (50%)]	Loss: 2.283707
2020-11-17 20:38:26 - Starting training round, batches [150, 200]
2020-11-17 20:38:26 - Train Worker alice: [0/50 (0%)]	Loss: 2.292873
2020-11-17 20:38:34 - Train Worker alice: [25/50 (50%)]	Loss: 2.317790
2020-11-17 20:38:43 - Train Worker bob: [0/50 (0%)]	Loss: 2.306195
2020-11-17 20:38:51 - Train Worker bob: [25/50 (50%)]	Loss: 2.305960
2020-11-17 20:39:01 - Train Worker charlie: [0/50 (0%)]	Loss: 2.287396
2020-11-17 20:39:08 - Train Worker charlie: [25/50 (50%)]	Loss: 2.323547
2020-11-17 20:39:28 - Starting training round, batches [200, 250]
2020-11-17 20:39:29 - Train Worker alice: [0/50 (0%)]	Loss: 2.298057
2020-11-17 20:39:36 - Train Worker alice: [25/50 (50%)]	Loss: 2.288663
2020-11-17 20:39:46 - Train Worker bob: [0/50 (0%)]	Loss: 2.308231
2020-11-17 20:39:54 - Train Worker bob: [25/50 (50%)]	Loss: 2.299894
2020-11-17 20:40:03 - Train Worker charlie: [0/50 (0%)]	Loss: 2.314849
2020-11-17 20:40:11 - Train Worker charlie: [25/50 (50%)]	Loss: 2.289486
2020-11-17 20:40:31 - Starting training round, batches [250, 300]
2020-11-17 20:40:31 - Train Worker alice: [0/50 (0%)]	Loss: 2.306530
2020-11-17 20:40:39 - Train Worker alice: [25/50 (50%)]	Loss: 2.315620
2020-11-17 20:40:49 - Train Worker bob: [0/50 (0%)]	Loss: 2.294518
2020-11-17 20:40:56 - Train Worker bob: [25/50 (50%)]	Loss: 2.305127
2020-11-17 20:41:06 - Train Worker charlie: [0/50 (0%)]	Loss: 2.314508
2020-11-17 20:41:13 - Train Worker charlie: [25/50 (50%)]	Loss: 2.292579
2020-11-17 20:41:33 - Starting training round, batches [300, 350]
2020-11-17 20:41:34 - Train Worker alice: [0/50 (0%)]	Loss: 2.307971
2020-11-17 20:41:41 - Train Worker alice: [25/50 (50%)]	Loss: 2.306920
2020-11-17 20:41:51 - Train Worker bob: [0/50 (0%)]	Loss: 2.303204
2020-11-17 20:41:58 - Train Worker bob: [25/50 (50%)]	Loss: 2.297685
2020-11-17 20:42:08 - Train Worker charlie: [0/50 (0%)]	Loss: 2.312139
2020-11-17 20:42:16 - Train Worker charlie: [25/50 (50%)]	Loss: 2.304394
2020-11-17 20:42:36 - Starting training round, batches [350, 400]
2020-11-17 20:42:36 - Train Worker alice: [0/50 (0%)]	Loss: 2.297868
2020-11-17 20:42:44 - Train Worker alice: [25/50 (50%)]	Loss: 2.271734
2020-11-17 20:42:53 - Train Worker bob: [0/50 (0%)]	Loss: 2.315754
2020-11-17 20:43:01 - Train Worker bob: [25/50 (50%)]	Loss: 2.294230
2020-11-17 20:43:10 - Train Worker charlie: [0/50 (0%)]	Loss: 2.306015
2020-11-17 20:43:18 - Train Worker charlie: [25/50 (50%)]	Loss: 2.288396
2020-11-17 20:43:37 - Starting training round, batches [400, 450]
2020-11-17 20:43:38 - Train Worker alice: [0/50 (0%)]	Loss: 2.287448
2020-11-17 20:43:46 - Train Worker alice: [25/50 (50%)]	Loss: 2.297983
2020-11-17 20:43:56 - Train Worker bob: [0/50 (0%)]	Loss: 2.304070
2020-11-17 20:44:03 - Train Worker bob: [25/50 (50%)]	Loss: 2.297355
2020-11-17 20:44:13 - Train Worker charlie: [0/50 (0%)]	Loss: 2.312888
2020-11-17 20:44:20 - Train Worker charlie: [25/50 (50%)]	Loss: 2.291938
2020-11-17 20:44:40 - Starting training round, batches [450, 500]
2020-11-17 20:44:40 - Train Worker alice: [0/50 (0%)]	Loss: 2.305008
2020-11-17 20:44:48 - Train Worker alice: [25/50 (50%)]	Loss: 2.297452
2020-11-17 20:44:58 - Train Worker bob: [0/50 (0%)]	Loss: 2.303731
2020-11-17 20:45:06 - Train Worker bob: [25/50 (50%)]	Loss: 2.314443
2020-11-17 20:45:15 - Train Worker charlie: [0/50 (0%)]	Loss: 2.284154
2020-11-17 20:45:23 - Train Worker charlie: [25/50 (50%)]	Loss: 2.314135
2020-11-17 20:45:42 - Starting training round, batches [500, 550]
2020-11-17 20:45:43 - Train Worker alice: [0/50 (0%)]	Loss: 2.293140
2020-11-17 20:45:50 - Train Worker alice: [25/50 (50%)]	Loss: 2.293944
2020-11-17 20:46:00 - Train Worker bob: [0/50 (0%)]	Loss: 2.312064
2020-11-17 20:46:07 - Train Worker bob: [25/50 (50%)]	Loss: 2.302335
2020-11-17 20:46:17 - Train Worker charlie: [0/50 (0%)]	Loss: 2.303823
2020-11-17 20:46:25 - Train Worker charlie: [25/50 (50%)]	Loss: 2.264344
2020-11-17 20:46:44 - Starting training round, batches [550, 600]
2020-11-17 20:46:45 - Train Worker alice: [0/50 (0%)]	Loss: 2.286721
2020-11-17 20:46:52 - Train Worker alice: [25/50 (50%)]	Loss: 2.314915
2020-11-17 20:47:02 - Train Worker bob: [0/50 (0%)]	Loss: 2.304317
2020-11-17 20:47:10 - Train Worker bob: [25/50 (50%)]	Loss: 2.310671
2020-11-17 20:47:19 - Train Worker charlie: [0/50 (0%)]	Loss: 2.318382
2020-11-17 20:47:27 - Train Worker charlie: [25/50 (50%)]	Loss: 2.313534
2020-11-17 20:47:42 - Starting training round, batches [600, 650]
2020-11-17 20:47:42 - Train Worker alice: [0/25 (0%)]	Loss: 2.316061
2020-11-17 20:47:52 - Train Worker bob: [0/25 (0%)]	Loss: 2.275819
2020-11-17 20:48:01 - Train Worker charlie: [0/25 (0%)]	Loss: 2.291472
2020-11-17 20:48:10 - Starting training round, batches [650, 700]
2020-11-17 20:48:10 - At least one worker ran out of data, stopping.
2020-11-17 20:48:17 - Test set: Average loss: 2.3015, Accuracy: 1135/10000 (11%)

2020-11-17 20:48:17 - Starting epoch 4/6
2020-11-17 20:48:27 - Starting training round, batches [0, 50]
2020-11-17 20:48:28 - Train Worker alice: [0/50 (0%)]	Loss: 2.286559
2020-11-17 20:48:35 - Train Worker alice: [25/50 (50%)]	Loss: 2.307296
2020-11-17 20:48:45 - Train Worker bob: [0/50 (0%)]	Loss: 2.327813
2020-11-17 20:48:53 - Train Worker bob: [25/50 (50%)]	Loss: 2.299864
2020-11-17 20:49:02 - Train Worker charlie: [0/50 (0%)]	Loss: 2.292437
2020-11-17 20:49:10 - Train Worker charlie: [25/50 (50%)]	Loss: 2.306619
2020-11-17 20:49:30 - Starting training round, batches [50, 100]
2020-11-17 20:49:30 - Train Worker alice: [0/50 (0%)]	Loss: 2.294519
2020-11-17 20:49:38 - Train Worker alice: [25/50 (50%)]	Loss: 2.289690
2020-11-17 20:49:48 - Train Worker bob: [0/50 (0%)]	Loss: 2.292796
2020-11-17 20:49:55 - Train Worker bob: [25/50 (50%)]	Loss: 2.298138
2020-11-17 20:50:05 - Train Worker charlie: [0/50 (0%)]	Loss: 2.323459
2020-11-17 20:50:12 - Train Worker charlie: [25/50 (50%)]	Loss: 2.308357
2020-11-17 20:50:32 - Starting training round, batches [100, 150]
2020-11-17 20:50:33 - Train Worker alice: [0/50 (0%)]	Loss: 2.301116
2020-11-17 20:50:40 - Train Worker alice: [25/50 (50%)]	Loss: 2.332497
2020-11-17 20:50:50 - Train Worker bob: [0/50 (0%)]	Loss: 2.292123
2020-11-17 20:50:58 - Train Worker bob: [25/50 (50%)]	Loss: 2.301215
2020-11-17 20:51:07 - Train Worker charlie: [0/50 (0%)]	Loss: 2.301497
2020-11-17 20:51:15 - Train Worker charlie: [25/50 (50%)]	Loss: 2.293470
2020-11-17 20:51:35 - Starting training round, batches [150, 200]
2020-11-17 20:51:36 - Train Worker alice: [0/50 (0%)]	Loss: 2.291827
2020-11-17 20:51:43 - Train Worker alice: [25/50 (50%)]	Loss: 2.303663
2020-11-17 20:51:53 - Train Worker bob: [0/50 (0%)]	Loss: 2.295995
2020-11-17 20:52:00 - Train Worker bob: [25/50 (50%)]	Loss: 2.320055
2020-11-17 20:52:10 - Train Worker charlie: [0/50 (0%)]	Loss: 2.320483
2020-11-17 20:52:18 - Train Worker charlie: [25/50 (50%)]	Loss: 2.283268
2020-11-17 20:52:37 - Starting training round, batches [200, 250]
2020-11-17 20:52:38 - Train Worker alice: [0/50 (0%)]	Loss: 2.307296
2020-11-17 20:52:46 - Train Worker alice: [25/50 (50%)]	Loss: 2.281926
2020-11-17 20:52:55 - Train Worker bob: [0/50 (0%)]	Loss: 2.309024
2020-11-17 20:53:03 - Train Worker bob: [25/50 (50%)]	Loss: 2.303566
2020-11-17 20:53:12 - Train Worker charlie: [0/50 (0%)]	Loss: 2.287421
2020-11-17 20:53:20 - Train Worker charlie: [25/50 (50%)]	Loss: 2.319938
2020-11-17 20:53:39 - Starting training round, batches [250, 300]
2020-11-17 20:53:40 - Train Worker alice: [0/50 (0%)]	Loss: 2.290967
2020-11-17 20:53:48 - Train Worker alice: [25/50 (50%)]	Loss: 2.293121
2020-11-17 20:53:57 - Train Worker bob: [0/50 (0%)]	Loss: 2.318100
2020-11-17 20:54:05 - Train Worker bob: [25/50 (50%)]	Loss: 2.296332
2020-11-17 20:54:14 - Train Worker charlie: [0/50 (0%)]	Loss: 2.312354
2020-11-17 20:54:22 - Train Worker charlie: [25/50 (50%)]	Loss: 2.295590
2020-11-17 20:54:42 - Starting training round, batches [300, 350]
2020-11-17 20:54:42 - Train Worker alice: [0/50 (0%)]	Loss: 2.297372
2020-11-17 20:54:50 - Train Worker alice: [25/50 (50%)]	Loss: 2.300831
2020-11-17 20:55:00 - Train Worker bob: [0/50 (0%)]	Loss: 2.295835
2020-11-17 20:55:08 - Train Worker bob: [25/50 (50%)]	Loss: 2.319817
2020-11-17 20:55:17 - Train Worker charlie: [0/50 (0%)]	Loss: 2.294091
2020-11-17 20:55:25 - Train Worker charlie: [25/50 (50%)]	Loss: 2.293164
2020-11-17 20:55:44 - Starting training round, batches [350, 400]
2020-11-17 20:55:45 - Train Worker alice: [0/50 (0%)]	Loss: 2.289872
2020-11-17 20:55:53 - Train Worker alice: [25/50 (50%)]	Loss: 2.294359
2020-11-17 20:56:03 - Train Worker bob: [0/50 (0%)]	Loss: 2.286997
2020-11-17 20:56:10 - Train Worker bob: [25/50 (50%)]	Loss: 2.295969
2020-11-17 20:56:20 - Train Worker charlie: [0/50 (0%)]	Loss: 2.308238
2020-11-17 20:56:27 - Train Worker charlie: [25/50 (50%)]	Loss: 2.309996
2020-11-17 20:56:47 - Starting training round, batches [400, 450]
2020-11-17 20:56:47 - Train Worker alice: [0/50 (0%)]	Loss: 2.314769
2020-11-17 20:56:55 - Train Worker alice: [25/50 (50%)]	Loss: 2.299898
2020-11-17 20:57:05 - Train Worker bob: [0/50 (0%)]	Loss: 2.295536
2020-11-17 20:57:12 - Train Worker bob: [25/50 (50%)]	Loss: 2.306505
2020-11-17 20:57:23 - Train Worker charlie: [0/50 (0%)]	Loss: 2.294883
2020-11-17 20:57:31 - Train Worker charlie: [25/50 (50%)]	Loss: 2.289095
2020-11-17 20:57:50 - Starting training round, batches [450, 500]
2020-11-17 20:57:51 - Train Worker alice: [0/50 (0%)]	Loss: 2.299929
2020-11-17 20:57:59 - Train Worker alice: [25/50 (50%)]	Loss: 2.282233
2020-11-17 20:58:08 - Train Worker bob: [0/50 (0%)]	Loss: 2.295785
2020-11-17 20:58:16 - Train Worker bob: [25/50 (50%)]	Loss: 2.301220
2020-11-17 20:58:27 - Train Worker charlie: [0/50 (0%)]	Loss: 2.322429
2020-11-17 20:58:35 - Train Worker charlie: [25/50 (50%)]	Loss: 2.277631
2020-11-17 20:58:56 - Starting training round, batches [500, 550]
2020-11-17 20:58:57 - Train Worker alice: [0/50 (0%)]	Loss: 2.295968
2020-11-17 20:59:05 - Train Worker alice: [25/50 (50%)]	Loss: 2.298313
2020-11-17 20:59:14 - Train Worker bob: [0/50 (0%)]	Loss: 2.296069
2020-11-17 20:59:22 - Train Worker bob: [25/50 (50%)]	Loss: 2.304653
2020-11-17 20:59:31 - Train Worker charlie: [0/50 (0%)]	Loss: 2.312595
2020-11-17 20:59:39 - Train Worker charlie: [25/50 (50%)]	Loss: 2.309876
2020-11-17 20:59:59 - Starting training round, batches [550, 600]
2020-11-17 21:00:00 - Train Worker alice: [0/50 (0%)]	Loss: 2.325161
2020-11-17 21:00:08 - Train Worker alice: [25/50 (50%)]	Loss: 2.298849
2020-11-17 21:00:17 - Train Worker bob: [0/50 (0%)]	Loss: 2.296953
2020-11-17 21:00:25 - Train Worker bob: [25/50 (50%)]	Loss: 2.311644
2020-11-17 21:00:35 - Train Worker charlie: [0/50 (0%)]	Loss: 2.315898
2020-11-17 21:00:42 - Train Worker charlie: [25/50 (50%)]	Loss: 2.304271
2020-11-17 21:00:57 - Starting training round, batches [600, 650]
2020-11-17 21:00:58 - Train Worker alice: [0/25 (0%)]	Loss: 2.281651
2020-11-17 21:01:08 - Train Worker bob: [0/25 (0%)]	Loss: 2.298849
2020-11-17 21:01:17 - Train Worker charlie: [0/25 (0%)]	Loss: 2.296065
2020-11-17 21:01:26 - Starting training round, batches [650, 700]
2020-11-17 21:01:27 - At least one worker ran out of data, stopping.
2020-11-17 21:01:33 - Test set: Average loss: 2.3013, Accuracy: 1135/10000 (11%)

2020-11-17 21:01:33 - Starting epoch 5/6
2020-11-17 21:01:44 - Starting training round, batches [0, 50]
2020-11-17 21:01:44 - Train Worker alice: [0/50 (0%)]	Loss: 2.310547
2020-11-17 21:01:52 - Train Worker alice: [25/50 (50%)]	Loss: 2.299812
2020-11-17 21:02:02 - Train Worker bob: [0/50 (0%)]	Loss: 2.299927
2020-11-17 21:02:09 - Train Worker bob: [25/50 (50%)]	Loss: 2.338300
2020-11-17 21:02:19 - Train Worker charlie: [0/50 (0%)]	Loss: 2.296061
2020-11-17 21:02:26 - Train Worker charlie: [25/50 (50%)]	Loss: 2.301724
2020-11-17 21:02:46 - Starting training round, batches [50, 100]
2020-11-17 21:02:47 - Train Worker alice: [0/50 (0%)]	Loss: 2.284908
2020-11-17 21:02:54 - Train Worker alice: [25/50 (50%)]	Loss: 2.261444
2020-11-17 21:03:04 - Train Worker bob: [0/50 (0%)]	Loss: 2.304369
2020-11-17 21:03:12 - Train Worker bob: [25/50 (50%)]	Loss: 2.312053
2020-11-17 21:03:21 - Train Worker charlie: [0/50 (0%)]	Loss: 2.298559
2020-11-17 21:03:29 - Train Worker charlie: [25/50 (50%)]	Loss: 2.305334
2020-11-17 21:03:48 - Starting training round, batches [100, 150]
2020-11-17 21:03:49 - Train Worker alice: [0/50 (0%)]	Loss: 2.292044
2020-11-17 21:03:57 - Train Worker alice: [25/50 (50%)]	Loss: 2.326062
2020-11-17 21:04:06 - Train Worker bob: [0/50 (0%)]	Loss: 2.308778
2020-11-17 21:04:14 - Train Worker bob: [25/50 (50%)]	Loss: 2.306418
2020-11-17 21:04:24 - Train Worker charlie: [0/50 (0%)]	Loss: 2.320661
2020-11-17 21:04:32 - Train Worker charlie: [25/50 (50%)]	Loss: 2.316381
2020-11-17 21:04:52 - Starting training round, batches [150, 200]
2020-11-17 21:04:52 - Train Worker alice: [0/50 (0%)]	Loss: 2.292347
2020-11-17 21:05:00 - Train Worker alice: [25/50 (50%)]	Loss: 2.301180
2020-11-17 21:05:09 - Train Worker bob: [0/50 (0%)]	Loss: 2.304134
2020-11-17 21:05:17 - Train Worker bob: [25/50 (50%)]	Loss: 2.320343
2020-11-17 21:05:26 - Train Worker charlie: [0/50 (0%)]	Loss: 2.307860
2020-11-17 21:05:34 - Train Worker charlie: [25/50 (50%)]	Loss: 2.316701
2020-11-17 21:05:54 - Starting training round, batches [200, 250]
2020-11-17 21:05:55 - Train Worker alice: [0/50 (0%)]	Loss: 2.312227
2020-11-17 21:06:03 - Train Worker alice: [25/50 (50%)]	Loss: 2.298751
2020-11-17 21:06:12 - Train Worker bob: [0/50 (0%)]	Loss: 2.292281
2020-11-17 21:06:20 - Train Worker bob: [25/50 (50%)]	Loss: 2.318084
2020-11-17 21:06:30 - Train Worker charlie: [0/50 (0%)]	Loss: 2.300245
2020-11-17 21:06:37 - Train Worker charlie: [25/50 (50%)]	Loss: 2.314389
2020-11-17 21:06:58 - Starting training round, batches [250, 300]
2020-11-17 21:06:58 - Train Worker alice: [0/50 (0%)]	Loss: 2.309926
2020-11-17 21:07:06 - Train Worker alice: [25/50 (50%)]	Loss: 2.310327
2020-11-17 21:07:16 - Train Worker bob: [0/50 (0%)]	Loss: 2.295245
2020-11-17 21:07:23 - Train Worker bob: [25/50 (50%)]	Loss: 2.287821
2020-11-17 21:07:33 - Train Worker charlie: [0/50 (0%)]	Loss: 2.286876
2020-11-17 21:07:41 - Train Worker charlie: [25/50 (50%)]	Loss: 2.304327
2020-11-17 21:08:00 - Starting training round, batches [300, 350]
2020-11-17 21:08:01 - Train Worker alice: [0/50 (0%)]	Loss: 2.299559
2020-11-17 21:08:09 - Train Worker alice: [25/50 (50%)]	Loss: 2.292746
2020-11-17 21:08:20 - Train Worker bob: [0/50 (0%)]	Loss: 2.291149
2020-11-17 21:08:28 - Train Worker bob: [25/50 (50%)]	Loss: 2.314118
2020-11-17 21:08:38 - Train Worker charlie: [0/50 (0%)]	Loss: 2.319121
2020-11-17 21:08:47 - Train Worker charlie: [25/50 (50%)]	Loss: 2.291277
2020-11-17 21:09:09 - Starting training round, batches [350, 400]
2020-11-17 21:09:09 - Train Worker alice: [0/50 (0%)]	Loss: 2.294940
2020-11-17 21:09:17 - Train Worker alice: [25/50 (50%)]	Loss: 2.310849
2020-11-17 21:09:26 - Train Worker bob: [0/50 (0%)]	Loss: 2.301031
2020-11-17 21:09:34 - Train Worker bob: [25/50 (50%)]	Loss: 2.331234
2020-11-17 21:09:44 - Train Worker charlie: [0/50 (0%)]	Loss: 2.312652
2020-11-17 21:09:51 - Train Worker charlie: [25/50 (50%)]	Loss: 2.293992
2020-11-17 21:10:11 - Starting training round, batches [400, 450]
2020-11-17 21:10:12 - Train Worker alice: [0/50 (0%)]	Loss: 2.311121
2020-11-17 21:10:19 - Train Worker alice: [25/50 (50%)]	Loss: 2.305973
2020-11-17 21:10:29 - Train Worker bob: [0/50 (0%)]	Loss: 2.300922
2020-11-17 21:10:37 - Train Worker bob: [25/50 (50%)]	Loss: 2.311519
2020-11-17 21:10:46 - Train Worker charlie: [0/50 (0%)]	Loss: 2.290091
2020-11-17 21:10:54 - Train Worker charlie: [25/50 (50%)]	Loss: 2.306109
2020-11-17 21:11:14 - Starting training round, batches [450, 500]
2020-11-17 21:11:14 - Train Worker alice: [0/50 (0%)]	Loss: 2.307093
2020-11-17 21:11:23 - Train Worker alice: [25/50 (50%)]	Loss: 2.309078
2020-11-17 21:11:33 - Train Worker bob: [0/50 (0%)]	Loss: 2.306900
2020-11-17 21:11:40 - Train Worker bob: [25/50 (50%)]	Loss: 2.303425
2020-11-17 21:11:50 - Train Worker charlie: [0/50 (0%)]	Loss: 2.300768
2020-11-17 21:11:57 - Train Worker charlie: [25/50 (50%)]	Loss: 2.296865
2020-11-17 21:12:17 - Starting training round, batches [500, 550]
2020-11-17 21:12:17 - Train Worker alice: [0/50 (0%)]	Loss: 2.298871
2020-11-17 21:12:25 - Train Worker alice: [25/50 (50%)]	Loss: 2.300061
2020-11-17 21:12:35 - Train Worker bob: [0/50 (0%)]	Loss: 2.296212
2020-11-17 21:12:42 - Train Worker bob: [25/50 (50%)]	Loss: 2.290551
2020-11-17 21:12:52 - Train Worker charlie: [0/50 (0%)]	Loss: 2.313993
2020-11-17 21:12:59 - Train Worker charlie: [25/50 (50%)]	Loss: 2.299059
2020-11-17 21:13:19 - Starting training round, batches [550, 600]
2020-11-17 21:13:20 - Train Worker alice: [0/50 (0%)]	Loss: 2.316302
2020-11-17 21:13:27 - Train Worker alice: [25/50 (50%)]	Loss: 2.302225
2020-11-17 21:13:37 - Train Worker bob: [0/50 (0%)]	Loss: 2.308693
2020-11-17 21:13:44 - Train Worker bob: [25/50 (50%)]	Loss: 2.289935
2020-11-17 21:13:54 - Train Worker charlie: [0/50 (0%)]	Loss: 2.298621
2020-11-17 21:14:02 - Train Worker charlie: [25/50 (50%)]	Loss: 2.322780
2020-11-17 21:14:16 - Starting training round, batches [600, 650]
2020-11-17 21:14:17 - Train Worker alice: [0/25 (0%)]	Loss: 2.296973
2020-11-17 21:14:26 - Train Worker bob: [0/25 (0%)]	Loss: 2.301655
2020-11-17 21:14:36 - Train Worker charlie: [0/25 (0%)]	Loss: 2.289952
2020-11-17 21:14:45 - Starting training round, batches [650, 700]
2020-11-17 21:14:45 - At least one worker ran out of data, stopping.
2020-11-17 21:14:52 - Test set: Average loss: 2.3014, Accuracy: 1135/10000 (11%)

2020-11-17 21:14:52 - Starting epoch 6/6
2020-11-17 21:15:02 - Starting training round, batches [0, 50]
2020-11-17 21:15:03 - Train Worker alice: [0/50 (0%)]	Loss: 2.277646
2020-11-17 21:15:10 - Train Worker alice: [25/50 (50%)]	Loss: 2.264482
2020-11-17 21:15:20 - Train Worker bob: [0/50 (0%)]	Loss: 2.300410
2020-11-17 21:15:28 - Train Worker bob: [25/50 (50%)]	Loss: 2.306364
2020-11-17 21:15:37 - Train Worker charlie: [0/50 (0%)]	Loss: 2.313559
2020-11-17 21:15:45 - Train Worker charlie: [25/50 (50%)]	Loss: 2.295508
2020-11-17 21:16:05 - Starting training round, batches [50, 100]
2020-11-17 21:16:05 - Train Worker alice: [0/50 (0%)]	Loss: 2.302268
2020-11-17 21:16:13 - Train Worker alice: [25/50 (50%)]	Loss: 2.292042
2020-11-17 21:16:23 - Train Worker bob: [0/50 (0%)]	Loss: 2.319917
2020-11-17 21:16:31 - Train Worker bob: [25/50 (50%)]	Loss: 2.296057
2020-11-17 21:16:40 - Train Worker charlie: [0/50 (0%)]	Loss: 2.307596
2020-11-17 21:16:48 - Train Worker charlie: [25/50 (50%)]	Loss: 2.306769
2020-11-17 21:17:08 - Starting training round, batches [100, 150]
2020-11-17 21:17:09 - Train Worker alice: [0/50 (0%)]	Loss: 2.310982
2020-11-17 21:17:17 - Train Worker alice: [25/50 (50%)]	Loss: 2.304727
2020-11-17 21:17:26 - Train Worker bob: [0/50 (0%)]	Loss: 2.309207
2020-11-17 21:17:34 - Train Worker bob: [25/50 (50%)]	Loss: 2.333386
2020-11-17 21:17:44 - Train Worker charlie: [0/50 (0%)]	Loss: 2.295404
2020-11-17 21:17:51 - Train Worker charlie: [25/50 (50%)]	Loss: 2.288871
2020-11-17 21:18:11 - Starting training round, batches [150, 200]
2020-11-17 21:18:11 - Train Worker alice: [0/50 (0%)]	Loss: 2.306561
2020-11-17 21:18:19 - Train Worker alice: [25/50 (50%)]	Loss: 2.288469
2020-11-17 21:18:29 - Train Worker bob: [0/50 (0%)]	Loss: 2.296088
2020-11-17 21:18:36 - Train Worker bob: [25/50 (50%)]	Loss: 2.301465
2020-11-17 21:18:46 - Train Worker charlie: [0/50 (0%)]	Loss: 2.304185
2020-11-17 21:18:54 - Train Worker charlie: [25/50 (50%)]	Loss: 2.294260
2020-11-17 21:19:13 - Starting training round, batches [200, 250]
2020-11-17 21:19:14 - Train Worker alice: [0/50 (0%)]	Loss: 2.309949
2020-11-17 21:19:22 - Train Worker alice: [25/50 (50%)]	Loss: 2.302701
2020-11-17 21:19:31 - Train Worker bob: [0/50 (0%)]	Loss: 2.292115
2020-11-17 21:19:39 - Train Worker bob: [25/50 (50%)]	Loss: 2.297423
2020-11-17 21:19:48 - Train Worker charlie: [0/50 (0%)]	Loss: 2.289027
2020-11-17 21:19:56 - Train Worker charlie: [25/50 (50%)]	Loss: 2.285440
2020-11-17 21:20:16 - Starting training round, batches [250, 300]
2020-11-17 21:20:16 - Train Worker alice: [0/50 (0%)]	Loss: 2.288311
2020-11-17 21:20:24 - Train Worker alice: [25/50 (50%)]	Loss: 2.309986
2020-11-17 21:20:34 - Train Worker bob: [0/50 (0%)]	Loss: 2.311627
2020-11-17 21:20:42 - Train Worker bob: [25/50 (50%)]	Loss: 2.302243
2020-11-17 21:20:51 - Train Worker charlie: [0/50 (0%)]	Loss: 2.296421
2020-11-17 21:20:59 - Train Worker charlie: [25/50 (50%)]	Loss: 2.283890
2020-11-17 21:21:19 - Starting training round, batches [300, 350]
2020-11-17 21:21:19 - Train Worker alice: [0/50 (0%)]	Loss: 2.304894
2020-11-17 21:21:27 - Train Worker alice: [25/50 (50%)]	Loss: 2.297584
2020-11-17 21:21:36 - Train Worker bob: [0/50 (0%)]	Loss: 2.294317
2020-11-17 21:21:44 - Train Worker bob: [25/50 (50%)]	Loss: 2.315812
2020-11-17 21:21:54 - Train Worker charlie: [0/50 (0%)]	Loss: 2.293956
2020-11-17 21:22:01 - Train Worker charlie: [25/50 (50%)]	Loss: 2.295247
2020-11-17 21:22:21 - Starting training round, batches [350, 400]
2020-11-17 21:22:22 - Train Worker alice: [0/50 (0%)]	Loss: 2.309680
2020-11-17 21:22:29 - Train Worker alice: [25/50 (50%)]	Loss: 2.304050
2020-11-17 21:22:39 - Train Worker bob: [0/50 (0%)]	Loss: 2.311668
2020-11-17 21:22:47 - Train Worker bob: [25/50 (50%)]	Loss: 2.291421
2020-11-17 21:22:56 - Train Worker charlie: [0/50 (0%)]	Loss: 2.298577
2020-11-17 21:23:04 - Train Worker charlie: [25/50 (50%)]	Loss: 2.295725
2020-11-17 21:23:23 - Starting training round, batches [400, 450]
2020-11-17 21:23:24 - Train Worker alice: [0/50 (0%)]	Loss: 2.310777
2020-11-17 21:23:32 - Train Worker alice: [25/50 (50%)]	Loss: 2.294525
2020-11-17 21:23:42 - Train Worker bob: [0/50 (0%)]	Loss: 2.305957
2020-11-17 21:23:49 - Train Worker bob: [25/50 (50%)]	Loss: 2.297364
2020-11-17 21:23:59 - Train Worker charlie: [0/50 (0%)]	Loss: 2.302035
2020-11-17 21:24:06 - Train Worker charlie: [25/50 (50%)]	Loss: 2.288895
2020-11-17 21:24:26 - Starting training round, batches [450, 500]
2020-11-17 21:24:27 - Train Worker alice: [0/50 (0%)]	Loss: 2.301827
2020-11-17 21:24:35 - Train Worker alice: [25/50 (50%)]	Loss: 2.292525
2020-11-17 21:24:44 - Train Worker bob: [0/50 (0%)]	Loss: 2.307627
2020-11-17 21:24:52 - Train Worker bob: [25/50 (50%)]	Loss: 2.305023
2020-11-17 21:25:02 - Train Worker charlie: [0/50 (0%)]	Loss: 2.310908
2020-11-17 21:25:09 - Train Worker charlie: [25/50 (50%)]	Loss: 2.312333
2020-11-17 21:25:29 - Starting training round, batches [500, 550]
2020-11-17 21:25:30 - Train Worker alice: [0/50 (0%)]	Loss: 2.316114
2020-11-17 21:25:37 - Train Worker alice: [25/50 (50%)]	Loss: 2.308300
2020-11-17 21:25:47 - Train Worker bob: [0/50 (0%)]	Loss: 2.296684
2020-11-17 21:25:54 - Train Worker bob: [25/50 (50%)]	Loss: 2.293187
2020-11-17 21:26:04 - Train Worker charlie: [0/50 (0%)]	Loss: 2.295239
2020-11-17 21:26:12 - Train Worker charlie: [25/50 (50%)]	Loss: 2.299758
2020-11-17 21:26:32 - Starting training round, batches [550, 600]
2020-11-17 21:26:32 - Train Worker alice: [0/50 (0%)]	Loss: 2.298401
2020-11-17 21:26:40 - Train Worker alice: [25/50 (50%)]	Loss: 2.287740
2020-11-17 21:26:50 - Train Worker bob: [0/50 (0%)]	Loss: 2.291471
2020-11-17 21:26:57 - Train Worker bob: [25/50 (50%)]	Loss: 2.303338
2020-11-17 21:27:07 - Train Worker charlie: [0/50 (0%)]	Loss: 2.305055
2020-11-17 21:27:15 - Train Worker charlie: [25/50 (50%)]	Loss: 2.276964
2020-11-17 21:27:29 - Starting training round, batches [600, 650]
2020-11-17 21:27:30 - Train Worker alice: [0/25 (0%)]	Loss: 2.312535
2020-11-17 21:27:39 - Train Worker bob: [0/25 (0%)]	Loss: 2.306427
2020-11-17 21:27:49 - Train Worker charlie: [0/25 (0%)]	Loss: 2.298060
2020-11-17 21:27:58 - Starting training round, batches [650, 700]
2020-11-17 21:27:58 - At least one worker ran out of data, stopping.
2020-11-17 21:28:05 - Test set: Average loss: 2.3010, Accuracy: 1135/10000 (11%)

