2020-11-17 15:10:01 - Namespace(batch_size=64, cuda=False, epochs=6, federate_after_n_batches=50, log_interval=25, lr=0.01, seed=1, test_batch_size=1000, verbose=False)
2020-11-17 15:10:01 - <WebsocketClientWorker id:alice #objects local:0 #objects remote: 0>
2020-11-17 15:10:01 - <WebsocketClientWorker id:bob #objects local:0 #objects remote: 0>
2020-11-17 15:10:01 - <WebsocketClientWorker id:charlie #objects local:0 #objects remote: 0>
Net(
  (conv1): Conv2d(1, 20, kernel_size=(5, 5), stride=(1, 1))
  (BN1): BatchNorm2d(20, eps=1e-05, momentum=0.1, affine=True, track_running_stats=True)
  (conv2): Conv2d(20, 50, kernel_size=(5, 5), stride=(1, 1))
  (BN2): BatchNorm2d(50, eps=1e-05, momentum=0.1, affine=True, track_running_stats=True)
  (fc1): Linear(in_features=800, out_features=500, bias=True)
  (fc2): Linear(in_features=500, out_features=10, bias=True)
)
2020-11-17 15:10:15 - Starting epoch 1/6
2020-11-17 15:10:37 - Starting training round, batches [0, 50]
2020-11-17 15:10:37 - Train Worker alice: [0/50 (0%)]	Loss: 2.310694
2020-11-17 15:10:46 - Train Worker alice: [25/50 (50%)]	Loss: 0.645826
2020-11-17 15:10:56 - Train Worker bob: [0/50 (0%)]	Loss: 2.298535
2020-11-17 15:11:04 - Train Worker bob: [25/50 (50%)]	Loss: 1.119879
2020-11-17 15:11:14 - Train Worker charlie: [0/50 (0%)]	Loss: 2.314187
2020-11-17 15:11:22 - Train Worker charlie: [25/50 (50%)]	Loss: 2.181002
2020-11-17 15:11:54 - Starting training round, batches [50, 100]
2020-11-17 15:11:55 - Train Worker alice: [0/50 (0%)]	Loss: 2.385118
2020-11-17 15:12:03 - Train Worker alice: [25/50 (50%)]	Loss: 0.378962
2020-11-17 15:12:13 - Train Worker bob: [0/50 (0%)]	Loss: 2.373681
2020-11-17 15:12:21 - Train Worker bob: [25/50 (50%)]	Loss: 0.355797
2020-11-17 15:12:31 - Train Worker charlie: [0/50 (0%)]	Loss: 2.487849
2020-11-17 15:12:39 - Train Worker charlie: [25/50 (50%)]	Loss: 0.632074
2020-11-17 15:13:11 - Starting training round, batches [100, 150]
2020-11-17 15:13:12 - Train Worker alice: [0/50 (0%)]	Loss: 0.381354
2020-11-17 15:13:20 - Train Worker alice: [25/50 (50%)]	Loss: 0.360485
2020-11-17 15:13:30 - Train Worker bob: [0/50 (0%)]	Loss: 0.212722
2020-11-17 15:13:38 - Train Worker bob: [25/50 (50%)]	Loss: 0.226954
2020-11-17 15:13:48 - Train Worker charlie: [0/50 (0%)]	Loss: 0.217306
2020-11-17 15:13:56 - Train Worker charlie: [25/50 (50%)]	Loss: 0.244671
2020-11-17 15:14:28 - Starting training round, batches [150, 200]
2020-11-17 15:14:29 - Train Worker alice: [0/50 (0%)]	Loss: 0.106237
2020-11-17 15:14:37 - Train Worker alice: [25/50 (50%)]	Loss: 0.439044
2020-11-17 15:14:47 - Train Worker bob: [0/50 (0%)]	Loss: 0.199550
2020-11-17 15:14:55 - Train Worker bob: [25/50 (50%)]	Loss: 0.236849
2020-11-17 15:15:05 - Train Worker charlie: [0/50 (0%)]	Loss: 0.209137
2020-11-17 15:15:13 - Train Worker charlie: [25/50 (50%)]	Loss: 0.419020
2020-11-17 15:15:46 - Starting training round, batches [200, 250]
2020-11-17 15:15:47 - Train Worker alice: [0/50 (0%)]	Loss: 0.072894
2020-11-17 15:15:55 - Train Worker alice: [25/50 (50%)]	Loss: 0.144608
2020-11-17 15:16:05 - Train Worker bob: [0/50 (0%)]	Loss: 0.059501
2020-11-17 15:16:13 - Train Worker bob: [25/50 (50%)]	Loss: 0.290362
2020-11-17 15:16:24 - Train Worker charlie: [0/50 (0%)]	Loss: 0.174345
2020-11-17 15:16:32 - Train Worker charlie: [25/50 (50%)]	Loss: 0.087567
2020-11-17 15:17:04 - Starting training round, batches [250, 300]
2020-11-17 15:17:04 - Train Worker alice: [0/50 (0%)]	Loss: 0.075867
2020-11-17 15:17:12 - Train Worker alice: [25/50 (50%)]	Loss: 0.218245
2020-11-17 15:17:23 - Train Worker bob: [0/50 (0%)]	Loss: 0.221606
2020-11-17 15:17:31 - Train Worker bob: [25/50 (50%)]	Loss: 0.238149
2020-11-17 15:17:41 - Train Worker charlie: [0/50 (0%)]	Loss: 0.050914
2020-11-17 15:17:49 - Train Worker charlie: [25/50 (50%)]	Loss: 0.212017
2020-11-17 15:18:04 - Starting training round, batches [300, 350]
2020-11-17 15:18:05 - Train Worker alice: [0/13 (0%)]	Loss: 0.154803
2020-11-17 15:18:11 - Train Worker bob: [0/13 (0%)]	Loss: 0.057442
2020-11-17 15:18:17 - Train Worker charlie: [0/13 (0%)]	Loss: 0.033423
2020-11-17 15:18:23 - Starting training round, batches [350, 400]
2020-11-17 15:18:23 - At least one worker ran out of data, stopping.
2020-11-17 15:18:30 - Test set: Average loss: 0.1748, Accuracy: 9472/10000 (95%)

2020-11-17 15:18:30 - Starting epoch 2/6
2020-11-17 15:18:51 - Starting training round, batches [0, 50]
2020-11-17 15:18:52 - Train Worker alice: [0/50 (0%)]	Loss: 0.066463
2020-11-17 15:19:00 - Train Worker alice: [25/50 (50%)]	Loss: 0.360617
2020-11-17 15:19:10 - Train Worker bob: [0/50 (0%)]	Loss: 0.147525
2020-11-17 15:19:18 - Train Worker bob: [25/50 (50%)]	Loss: 0.130127
2020-11-17 15:19:29 - Train Worker charlie: [0/50 (0%)]	Loss: 0.296030
2020-11-17 15:19:37 - Train Worker charlie: [25/50 (50%)]	Loss: 0.097916
2020-11-17 15:20:08 - Starting training round, batches [50, 100]
2020-11-17 15:20:09 - Train Worker alice: [0/50 (0%)]	Loss: 0.186740
2020-11-17 15:20:17 - Train Worker alice: [25/50 (50%)]	Loss: 0.265895
2020-11-17 15:20:27 - Train Worker bob: [0/50 (0%)]	Loss: 0.141048
2020-11-17 15:20:35 - Train Worker bob: [25/50 (50%)]	Loss: 0.266283
2020-11-17 15:20:45 - Train Worker charlie: [0/50 (0%)]	Loss: 0.059605
2020-11-17 15:20:54 - Train Worker charlie: [25/50 (50%)]	Loss: 0.079926
2020-11-17 15:21:26 - Starting training round, batches [100, 150]
2020-11-17 15:21:26 - Train Worker alice: [0/50 (0%)]	Loss: 0.139158
2020-11-17 15:21:34 - Train Worker alice: [25/50 (50%)]	Loss: 0.188881
2020-11-17 15:21:44 - Train Worker bob: [0/50 (0%)]	Loss: 0.052884
2020-11-17 15:21:53 - Train Worker bob: [25/50 (50%)]	Loss: 0.136861
2020-11-17 15:22:03 - Train Worker charlie: [0/50 (0%)]	Loss: 0.057930
2020-11-17 15:22:11 - Train Worker charlie: [25/50 (50%)]	Loss: 0.491978
2020-11-17 15:22:43 - Starting training round, batches [150, 200]
2020-11-17 15:22:44 - Train Worker alice: [0/50 (0%)]	Loss: 0.029062
2020-11-17 15:22:52 - Train Worker alice: [25/50 (50%)]	Loss: 0.275561
2020-11-17 15:23:02 - Train Worker bob: [0/50 (0%)]	Loss: 0.220573
2020-11-17 15:23:10 - Train Worker bob: [25/50 (50%)]	Loss: 0.280875
2020-11-17 15:23:20 - Train Worker charlie: [0/50 (0%)]	Loss: 0.065695
2020-11-17 15:23:28 - Train Worker charlie: [25/50 (50%)]	Loss: 0.089361
2020-11-17 15:24:00 - Starting training round, batches [200, 250]
2020-11-17 15:24:00 - Train Worker alice: [0/50 (0%)]	Loss: 0.166631
2020-11-17 15:24:09 - Train Worker alice: [25/50 (50%)]	Loss: 0.141056
2020-11-17 15:24:19 - Train Worker bob: [0/50 (0%)]	Loss: 0.108920
2020-11-17 15:24:27 - Train Worker bob: [25/50 (50%)]	Loss: 0.090109
2020-11-17 15:24:37 - Train Worker charlie: [0/50 (0%)]	Loss: 0.137901
2020-11-17 15:24:45 - Train Worker charlie: [25/50 (50%)]	Loss: 0.098199
2020-11-17 15:25:17 - Starting training round, batches [250, 300]
2020-11-17 15:25:17 - Train Worker alice: [0/50 (0%)]	Loss: 0.126464
2020-11-17 15:25:26 - Train Worker alice: [25/50 (50%)]	Loss: 0.076965
2020-11-17 15:25:36 - Train Worker bob: [0/50 (0%)]	Loss: 0.065406
2020-11-17 15:25:44 - Train Worker bob: [25/50 (50%)]	Loss: 0.357868
2020-11-17 15:25:54 - Train Worker charlie: [0/50 (0%)]	Loss: 0.027602
2020-11-17 15:26:02 - Train Worker charlie: [25/50 (50%)]	Loss: 0.252629
2020-11-17 15:26:18 - Starting training round, batches [300, 350]
2020-11-17 15:26:19 - Train Worker alice: [0/13 (0%)]	Loss: 0.026580
2020-11-17 15:26:25 - Train Worker bob: [0/13 (0%)]	Loss: 0.052861
2020-11-17 15:26:31 - Train Worker charlie: [0/13 (0%)]	Loss: 0.354103
2020-11-17 15:26:37 - Starting training round, batches [350, 400]
2020-11-17 15:26:37 - At least one worker ran out of data, stopping.
2020-11-17 15:26:43 - Test set: Average loss: 0.0945, Accuracy: 9732/10000 (97%)

2020-11-17 15:26:43 - Starting epoch 3/6
2020-11-17 15:27:05 - Starting training round, batches [0, 50]
2020-11-17 15:27:06 - Train Worker alice: [0/50 (0%)]	Loss: 0.030883
2020-11-17 15:27:14 - Train Worker alice: [25/50 (50%)]	Loss: 0.166531
2020-11-17 15:27:24 - Train Worker bob: [0/50 (0%)]	Loss: 0.123599
2020-11-17 15:27:32 - Train Worker bob: [25/50 (50%)]	Loss: 0.141638
2020-11-17 15:27:43 - Train Worker charlie: [0/50 (0%)]	Loss: 0.163615
2020-11-17 15:27:51 - Train Worker charlie: [25/50 (50%)]	Loss: 0.077999
2020-11-17 15:28:22 - Starting training round, batches [50, 100]
2020-11-17 15:28:23 - Train Worker alice: [0/50 (0%)]	Loss: 0.146670
2020-11-17 15:28:31 - Train Worker alice: [25/50 (50%)]	Loss: 0.356544
2020-11-17 15:28:41 - Train Worker bob: [0/50 (0%)]	Loss: 0.049101
2020-11-17 15:28:49 - Train Worker bob: [25/50 (50%)]	Loss: 0.293129
2020-11-17 15:28:59 - Train Worker charlie: [0/50 (0%)]	Loss: 0.039011
2020-11-17 15:29:07 - Train Worker charlie: [25/50 (50%)]	Loss: 0.447324
2020-11-17 15:29:39 - Starting training round, batches [100, 150]
2020-11-17 15:29:39 - Train Worker alice: [0/50 (0%)]	Loss: 0.085969
2020-11-17 15:29:47 - Train Worker alice: [25/50 (50%)]	Loss: 0.078552
2020-11-17 15:29:57 - Train Worker bob: [0/50 (0%)]	Loss: 0.108963
2020-11-17 15:30:06 - Train Worker bob: [25/50 (50%)]	Loss: 0.125047
2020-11-17 15:30:16 - Train Worker charlie: [0/50 (0%)]	Loss: 0.150944
2020-11-17 15:30:24 - Train Worker charlie: [25/50 (50%)]	Loss: 0.094192
2020-11-17 15:30:56 - Starting training round, batches [150, 200]
2020-11-17 15:30:57 - Train Worker alice: [0/50 (0%)]	Loss: 0.153117
2020-11-17 15:31:05 - Train Worker alice: [25/50 (50%)]	Loss: 0.249088
2020-11-17 15:31:15 - Train Worker bob: [0/50 (0%)]	Loss: 0.062048
2020-11-17 15:31:23 - Train Worker bob: [25/50 (50%)]	Loss: 0.128017
2020-11-17 15:31:33 - Train Worker charlie: [0/50 (0%)]	Loss: 0.075533
2020-11-17 15:31:41 - Train Worker charlie: [25/50 (50%)]	Loss: 0.303637
2020-11-17 15:32:13 - Starting training round, batches [200, 250]
2020-11-17 15:32:13 - Train Worker alice: [0/50 (0%)]	Loss: 0.089980
2020-11-17 15:32:21 - Train Worker alice: [25/50 (50%)]	Loss: 0.138956
2020-11-17 15:32:32 - Train Worker bob: [0/50 (0%)]	Loss: 0.086435
2020-11-17 15:32:40 - Train Worker bob: [25/50 (50%)]	Loss: 0.035255
2020-11-17 15:32:50 - Train Worker charlie: [0/50 (0%)]	Loss: 0.094865
2020-11-17 15:32:58 - Train Worker charlie: [25/50 (50%)]	Loss: 0.091221
2020-11-17 15:33:30 - Starting training round, batches [250, 300]
2020-11-17 15:33:30 - Train Worker alice: [0/50 (0%)]	Loss: 0.155745
2020-11-17 15:33:39 - Train Worker alice: [25/50 (50%)]	Loss: 0.293129
2020-11-17 15:33:49 - Train Worker bob: [0/50 (0%)]	Loss: 0.218719
2020-11-17 15:33:57 - Train Worker bob: [25/50 (50%)]	Loss: 0.181306
2020-11-17 15:34:07 - Train Worker charlie: [0/50 (0%)]	Loss: 0.145255
2020-11-17 15:34:15 - Train Worker charlie: [25/50 (50%)]	Loss: 0.136562
2020-11-17 15:34:30 - Starting training round, batches [300, 350]
2020-11-17 15:34:31 - Train Worker alice: [0/13 (0%)]	Loss: 0.110313
2020-11-17 15:34:37 - Train Worker bob: [0/13 (0%)]	Loss: 0.126638
2020-11-17 15:34:43 - Train Worker charlie: [0/13 (0%)]	Loss: 0.230678
2020-11-17 15:34:49 - Starting training round, batches [350, 400]
2020-11-17 15:34:49 - At least one worker ran out of data, stopping.
2020-11-17 15:34:55 - Test set: Average loss: 0.1149, Accuracy: 9665/10000 (97%)

2020-11-17 15:34:55 - Starting epoch 4/6
2020-11-17 15:35:17 - Starting training round, batches [0, 50]
2020-11-17 15:35:17 - Train Worker alice: [0/50 (0%)]	Loss: 0.151030
2020-11-17 15:35:25 - Train Worker alice: [25/50 (50%)]	Loss: 0.576219
2020-11-17 15:35:36 - Train Worker bob: [0/50 (0%)]	Loss: 0.062730
2020-11-17 15:35:44 - Train Worker bob: [25/50 (50%)]	Loss: 0.245739
2020-11-17 15:35:54 - Train Worker charlie: [0/50 (0%)]	Loss: 0.023142
2020-11-17 15:36:02 - Train Worker charlie: [25/50 (50%)]	Loss: 0.362509
2020-11-17 15:36:34 - Starting training round, batches [50, 100]
2020-11-17 15:36:34 - Train Worker alice: [0/50 (0%)]	Loss: 0.187492
2020-11-17 15:36:42 - Train Worker alice: [25/50 (50%)]	Loss: 0.153422
2020-11-17 15:36:52 - Train Worker bob: [0/50 (0%)]	Loss: 0.036879
2020-11-17 15:37:01 - Train Worker bob: [25/50 (50%)]	Loss: 0.270955
2020-11-17 15:37:11 - Train Worker charlie: [0/50 (0%)]	Loss: 0.352903
2020-11-17 15:37:19 - Train Worker charlie: [25/50 (50%)]	Loss: 0.265117
2020-11-17 15:37:50 - Starting training round, batches [100, 150]
2020-11-17 15:37:51 - Train Worker alice: [0/50 (0%)]	Loss: 0.163477
2020-11-17 15:37:59 - Train Worker alice: [25/50 (50%)]	Loss: 0.093564
2020-11-17 15:38:09 - Train Worker bob: [0/50 (0%)]	Loss: 0.316463
2020-11-17 15:38:18 - Train Worker bob: [25/50 (50%)]	Loss: 0.151252
2020-11-17 15:38:28 - Train Worker charlie: [0/50 (0%)]	Loss: 0.139441
2020-11-17 15:38:36 - Train Worker charlie: [25/50 (50%)]	Loss: 0.467405
2020-11-17 15:39:08 - Starting training round, batches [150, 200]
2020-11-17 15:39:08 - Train Worker alice: [0/50 (0%)]	Loss: 0.260621
2020-11-17 15:39:17 - Train Worker alice: [25/50 (50%)]	Loss: 0.276692
2020-11-17 15:39:27 - Train Worker bob: [0/50 (0%)]	Loss: 0.076389
2020-11-17 15:39:35 - Train Worker bob: [25/50 (50%)]	Loss: 0.099304
2020-11-17 15:39:45 - Train Worker charlie: [0/50 (0%)]	Loss: 0.075654
2020-11-17 15:39:53 - Train Worker charlie: [25/50 (50%)]	Loss: 0.171738
2020-11-17 15:40:26 - Starting training round, batches [200, 250]
2020-11-17 15:40:26 - Train Worker alice: [0/50 (0%)]	Loss: 0.167346
2020-11-17 15:40:34 - Train Worker alice: [25/50 (50%)]	Loss: 0.196914
2020-11-17 15:40:45 - Train Worker bob: [0/50 (0%)]	Loss: 0.165215
2020-11-17 15:40:53 - Train Worker bob: [25/50 (50%)]	Loss: 0.110533
2020-11-17 15:41:03 - Train Worker charlie: [0/50 (0%)]	Loss: 0.050588
2020-11-17 15:41:11 - Train Worker charlie: [25/50 (50%)]	Loss: 0.437165
2020-11-17 15:41:43 - Starting training round, batches [250, 300]
2020-11-17 15:41:44 - Train Worker alice: [0/50 (0%)]	Loss: 0.135521
2020-11-17 15:41:52 - Train Worker alice: [25/50 (50%)]	Loss: 0.187544
2020-11-17 15:42:02 - Train Worker bob: [0/50 (0%)]	Loss: 0.186288
2020-11-17 15:42:10 - Train Worker bob: [25/50 (50%)]	Loss: 0.089798
2020-11-17 15:42:20 - Train Worker charlie: [0/50 (0%)]	Loss: 0.150529
2020-11-17 15:42:29 - Train Worker charlie: [25/50 (50%)]	Loss: 0.563089
2020-11-17 15:42:44 - Starting training round, batches [300, 350]
2020-11-17 15:42:44 - Train Worker alice: [0/13 (0%)]	Loss: 0.228063
2020-11-17 15:42:51 - Train Worker bob: [0/13 (0%)]	Loss: 0.061558
2020-11-17 15:42:57 - Train Worker charlie: [0/13 (0%)]	Loss: 0.101888
2020-11-17 15:43:03 - Starting training round, batches [350, 400]
2020-11-17 15:43:03 - At least one worker ran out of data, stopping.
2020-11-17 15:43:09 - Test set: Average loss: 0.1211, Accuracy: 9668/10000 (97%)

2020-11-17 15:43:09 - Starting epoch 5/6
2020-11-17 15:43:31 - Starting training round, batches [0, 50]
2020-11-17 15:43:31 - Train Worker alice: [0/50 (0%)]	Loss: 0.203353
2020-11-17 15:43:39 - Train Worker alice: [25/50 (50%)]	Loss: 0.389772
2020-11-17 15:43:49 - Train Worker bob: [0/50 (0%)]	Loss: 0.191594
2020-11-17 15:43:57 - Train Worker bob: [25/50 (50%)]	Loss: 0.145300
2020-11-17 15:44:07 - Train Worker charlie: [0/50 (0%)]	Loss: 0.367485
2020-11-17 15:44:16 - Train Worker charlie: [25/50 (50%)]	Loss: 0.242992
2020-11-17 15:44:47 - Starting training round, batches [50, 100]
2020-11-17 15:44:47 - Train Worker alice: [0/50 (0%)]	Loss: 0.101987
2020-11-17 15:44:55 - Train Worker alice: [25/50 (50%)]	Loss: 0.112027
2020-11-17 15:45:05 - Train Worker bob: [0/50 (0%)]	Loss: 0.253689
2020-11-17 15:45:13 - Train Worker bob: [25/50 (50%)]	Loss: 0.065880
2020-11-17 15:45:23 - Train Worker charlie: [0/50 (0%)]	Loss: 0.083004
2020-11-17 15:45:31 - Train Worker charlie: [25/50 (50%)]	Loss: 0.008792
2020-11-17 15:46:03 - Starting training round, batches [100, 150]
2020-11-17 15:46:04 - Train Worker alice: [0/50 (0%)]	Loss: 0.191204
2020-11-17 15:46:12 - Train Worker alice: [25/50 (50%)]	Loss: 0.363864
2020-11-17 15:46:22 - Train Worker bob: [0/50 (0%)]	Loss: 0.180491
2020-11-17 15:46:30 - Train Worker bob: [25/50 (50%)]	Loss: 0.229607
2020-11-17 15:46:40 - Train Worker charlie: [0/50 (0%)]	Loss: 0.348154
2020-11-17 15:46:49 - Train Worker charlie: [25/50 (50%)]	Loss: 0.229639
2020-11-17 15:47:20 - Starting training round, batches [150, 200]
2020-11-17 15:47:20 - Train Worker alice: [0/50 (0%)]	Loss: 0.190972
2020-11-17 15:47:29 - Train Worker alice: [25/50 (50%)]	Loss: 0.265112
2020-11-17 15:47:39 - Train Worker bob: [0/50 (0%)]	Loss: 0.213232
2020-11-17 15:47:47 - Train Worker bob: [25/50 (50%)]	Loss: 0.166236
2020-11-17 15:47:57 - Train Worker charlie: [0/50 (0%)]	Loss: 0.076183
2020-11-17 15:48:05 - Train Worker charlie: [25/50 (50%)]	Loss: 0.231339
2020-11-17 15:48:36 - Starting training round, batches [200, 250]
2020-11-17 15:48:37 - Train Worker alice: [0/50 (0%)]	Loss: 0.149932
2020-11-17 15:48:45 - Train Worker alice: [25/50 (50%)]	Loss: 0.207893
2020-11-17 15:48:55 - Train Worker bob: [0/50 (0%)]	Loss: 0.170706
2020-11-17 15:49:03 - Train Worker bob: [25/50 (50%)]	Loss: 0.192740
2020-11-17 15:49:13 - Train Worker charlie: [0/50 (0%)]	Loss: 0.097437
2020-11-17 15:49:21 - Train Worker charlie: [25/50 (50%)]	Loss: 0.123391
2020-11-17 15:49:52 - Starting training round, batches [250, 300]
2020-11-17 15:49:53 - Train Worker alice: [0/50 (0%)]	Loss: 0.042214
2020-11-17 15:50:01 - Train Worker alice: [25/50 (50%)]	Loss: 0.025757
2020-11-17 15:50:11 - Train Worker bob: [0/50 (0%)]	Loss: 0.137699
2020-11-17 15:50:19 - Train Worker bob: [25/50 (50%)]	Loss: 0.522970
2020-11-17 15:50:29 - Train Worker charlie: [0/50 (0%)]	Loss: 0.132124
2020-11-17 15:50:38 - Train Worker charlie: [25/50 (50%)]	Loss: 0.194128
2020-11-17 15:50:53 - Starting training round, batches [300, 350]
2020-11-17 15:50:53 - Train Worker alice: [0/13 (0%)]	Loss: 0.086350
2020-11-17 15:50:59 - Train Worker bob: [0/13 (0%)]	Loss: 0.058386
2020-11-17 15:51:05 - Train Worker charlie: [0/13 (0%)]	Loss: 0.213837
2020-11-17 15:51:11 - Starting training round, batches [350, 400]
2020-11-17 15:51:11 - At least one worker ran out of data, stopping.
2020-11-17 15:51:17 - Test set: Average loss: 0.1293, Accuracy: 9722/10000 (97%)

2020-11-17 15:51:17 - Starting epoch 6/6
2020-11-17 15:51:39 - Starting training round, batches [0, 50]
2020-11-17 15:51:39 - Train Worker alice: [0/50 (0%)]	Loss: 0.016235
2020-11-17 15:51:47 - Train Worker alice: [25/50 (50%)]	Loss: 0.252310
2020-11-17 15:51:57 - Train Worker bob: [0/50 (0%)]	Loss: 0.486767
2020-11-17 15:52:06 - Train Worker bob: [25/50 (50%)]	Loss: 0.205810
2020-11-17 15:52:15 - Train Worker charlie: [0/50 (0%)]	Loss: 0.017448
2020-11-17 15:52:24 - Train Worker charlie: [25/50 (50%)]	Loss: 0.222802
2020-11-17 15:52:55 - Starting training round, batches [50, 100]
2020-11-17 15:52:55 - Train Worker alice: [0/50 (0%)]	Loss: 0.177978
2020-11-17 15:53:04 - Train Worker alice: [25/50 (50%)]	Loss: 0.119991
2020-11-17 15:53:14 - Train Worker bob: [0/50 (0%)]	Loss: 0.077614
2020-11-17 15:53:22 - Train Worker bob: [25/50 (50%)]	Loss: 0.169149
2020-11-17 15:53:32 - Train Worker charlie: [0/50 (0%)]	Loss: 0.088904
2020-11-17 15:53:40 - Train Worker charlie: [25/50 (50%)]	Loss: 0.420895
2020-11-17 15:54:11 - Starting training round, batches [100, 150]
2020-11-17 15:54:12 - Train Worker alice: [0/50 (0%)]	Loss: 0.129302
2020-11-17 15:54:20 - Train Worker alice: [25/50 (50%)]	Loss: 0.182368
2020-11-17 15:54:30 - Train Worker bob: [0/50 (0%)]	Loss: 0.108253
2020-11-17 15:54:38 - Train Worker bob: [25/50 (50%)]	Loss: 0.050587
2020-11-17 15:54:48 - Train Worker charlie: [0/50 (0%)]	Loss: 0.223931
2020-11-17 15:54:56 - Train Worker charlie: [25/50 (50%)]	Loss: 0.087694
2020-11-17 15:55:27 - Starting training round, batches [150, 200]
2020-11-17 15:55:28 - Train Worker alice: [0/50 (0%)]	Loss: 0.253496
2020-11-17 15:55:36 - Train Worker alice: [25/50 (50%)]	Loss: 0.103779
2020-11-17 15:55:46 - Train Worker bob: [0/50 (0%)]	Loss: 0.126355
2020-11-17 15:55:54 - Train Worker bob: [25/50 (50%)]	Loss: 0.271259
2020-11-17 15:56:04 - Train Worker charlie: [0/50 (0%)]	Loss: 0.035119
2020-11-17 15:56:12 - Train Worker charlie: [25/50 (50%)]	Loss: 0.175171
2020-11-17 15:56:43 - Starting training round, batches [200, 250]
2020-11-17 15:56:43 - Train Worker alice: [0/50 (0%)]	Loss: 0.096903
2020-11-17 15:56:52 - Train Worker alice: [25/50 (50%)]	Loss: 0.373239
2020-11-17 15:57:02 - Train Worker bob: [0/50 (0%)]	Loss: 0.103717
2020-11-17 15:57:10 - Train Worker bob: [25/50 (50%)]	Loss: 0.364875
2020-11-17 15:57:21 - Train Worker charlie: [0/50 (0%)]	Loss: 0.181105
2020-11-17 15:57:30 - Train Worker charlie: [25/50 (50%)]	Loss: 0.123469
2020-11-17 15:58:01 - Starting training round, batches [250, 300]
2020-11-17 15:58:02 - Train Worker alice: [0/50 (0%)]	Loss: 0.330778
2020-11-17 15:58:10 - Train Worker alice: [25/50 (50%)]	Loss: 0.282869
2020-11-17 15:58:20 - Train Worker bob: [0/50 (0%)]	Loss: 0.146750
2020-11-17 15:58:28 - Train Worker bob: [25/50 (50%)]	Loss: 0.092959
2020-11-17 15:58:38 - Train Worker charlie: [0/50 (0%)]	Loss: 0.043871
2020-11-17 15:58:46 - Train Worker charlie: [25/50 (50%)]	Loss: 0.190361
2020-11-17 15:59:01 - Starting training round, batches [300, 350]
2020-11-17 15:59:02 - Train Worker alice: [0/13 (0%)]	Loss: 0.056337
2020-11-17 15:59:08 - Train Worker bob: [0/13 (0%)]	Loss: 0.108042
2020-11-17 15:59:14 - Train Worker charlie: [0/13 (0%)]	Loss: 0.209174
2020-11-17 15:59:19 - Starting training round, batches [350, 400]
2020-11-17 15:59:19 - At least one worker ran out of data, stopping.
2020-11-17 15:59:26 - Test set: Average loss: 0.1179, Accuracy: 9682/10000 (97%)

