2020-11-18 09:33:56 - Namespace(batch_size=32, cuda=False, epochs=6, federate_after_n_batches=50, log_interval=25, lr=0.05, seed=1, test_batch_size=1000, verbose=False)
2020-11-18 09:33:56 - <WebsocketClientWorker id:alice #objects local:0 #objects remote: 12>
2020-11-18 09:33:56 - <WebsocketClientWorker id:bob #objects local:0 #objects remote: 12>
2020-11-18 09:33:56 - <WebsocketClientWorker id:charlie #objects local:0 #objects remote: 12>
Net(
  (conv1): Conv2d(1, 20, kernel_size=(5, 5), stride=(1, 1))
  (BN1): BatchNorm2d(20, eps=1e-05, momentum=0.1, affine=True, track_running_stats=True)
  (conv2): Conv2d(20, 50, kernel_size=(5, 5), stride=(1, 1))
  (BN2): BatchNorm2d(50, eps=1e-05, momentum=0.1, affine=True, track_running_stats=True)
  (fc1): Linear(in_features=800, out_features=500, bias=True)
  (fc2): Linear(in_features=500, out_features=10, bias=True)
)
2020-11-18 09:34:18 - Starting epoch 1/6
2020-11-18 09:35:09 - Starting training round, batches [0, 50]
2020-11-18 09:35:10 - Train Worker alice: [0/50 (0%)]	Loss: 2.315606
2020-11-18 09:35:34 - Train Worker alice: [25/50 (50%)]	Loss: 1.171110
2020-11-18 09:36:09 - Train Worker bob: [0/50 (0%)]	Loss: 2.306253
2020-11-18 09:36:27 - Train Worker bob: [25/50 (50%)]	Loss: 1.488031
2020-11-18 09:36:51 - Train Worker charlie: [0/50 (0%)]	Loss: 2.303905
2020-11-18 09:37:14 - Train Worker charlie: [25/50 (50%)]	Loss: 1.656055
2020-11-18 09:38:33 - Starting training round, batches [50, 100]
2020-11-18 09:38:35 - Train Worker alice: [0/50 (0%)]	Loss: 0.605473
2020-11-18 09:39:02 - Train Worker alice: [25/50 (50%)]	Loss: 0.596016
2020-11-18 09:39:34 - Train Worker bob: [0/50 (0%)]	Loss: 0.928952
2020-11-18 09:39:56 - Train Worker bob: [25/50 (50%)]	Loss: 0.371973
2020-11-18 09:40:18 - Train Worker charlie: [0/50 (0%)]	Loss: 0.608681
2020-11-18 09:40:44 - Train Worker charlie: [25/50 (50%)]	Loss: 0.370341
2020-11-18 09:42:02 - Starting training round, batches [100, 150]
2020-11-18 09:42:04 - Train Worker alice: [0/50 (0%)]	Loss: 0.186360
2020-11-18 09:42:29 - Train Worker alice: [25/50 (50%)]	Loss: 0.129082
2020-11-18 09:43:05 - Train Worker bob: [0/50 (0%)]	Loss: 0.090331
2020-11-18 09:43:24 - Train Worker bob: [25/50 (50%)]	Loss: 0.119071
2020-11-18 09:43:48 - Train Worker charlie: [0/50 (0%)]	Loss: 0.737872
2020-11-18 09:44:14 - Train Worker charlie: [25/50 (50%)]	Loss: 0.137520
2020-11-18 09:45:33 - Starting training round, batches [150, 200]
2020-11-18 09:45:35 - Train Worker alice: [0/50 (0%)]	Loss: 0.652909
2020-11-18 09:46:00 - Train Worker alice: [25/50 (50%)]	Loss: 0.039151
2020-11-18 09:46:30 - Train Worker bob: [0/50 (0%)]	Loss: 0.171871
2020-11-18 09:46:48 - Train Worker bob: [25/50 (50%)]	Loss: 0.110733
2020-11-18 09:47:12 - Train Worker charlie: [0/50 (0%)]	Loss: 0.240562
2020-11-18 09:47:37 - Train Worker charlie: [25/50 (50%)]	Loss: 0.297613
2020-11-18 09:48:52 - Starting training round, batches [200, 250]
2020-11-18 09:48:54 - Train Worker alice: [0/50 (0%)]	Loss: 0.166513
2020-11-18 09:49:25 - Train Worker alice: [25/50 (50%)]	Loss: 0.365707
2020-11-18 09:50:01 - Train Worker bob: [0/50 (0%)]	Loss: 0.195401
2020-11-18 09:50:19 - Train Worker bob: [25/50 (50%)]	Loss: 0.212313
2020-11-18 09:50:45 - Train Worker charlie: [0/50 (0%)]	Loss: 0.097228
2020-11-18 09:51:08 - Train Worker charlie: [25/50 (50%)]	Loss: 0.201710
2020-11-18 09:52:26 - Starting training round, batches [250, 300]
2020-11-18 09:52:29 - Train Worker alice: [0/50 (0%)]	Loss: 0.245800
2020-11-18 09:52:56 - Train Worker alice: [25/50 (50%)]	Loss: 0.074154
2020-11-18 09:53:29 - Train Worker bob: [0/50 (0%)]	Loss: 0.111188
2020-11-18 09:53:47 - Train Worker bob: [25/50 (50%)]	Loss: 0.085882
2020-11-18 09:54:12 - Train Worker charlie: [0/50 (0%)]	Loss: 0.145008
2020-11-18 09:54:35 - Train Worker charlie: [25/50 (50%)]	Loss: 0.365684
2020-11-18 09:55:55 - Starting training round, batches [300, 350]
2020-11-18 09:55:57 - Train Worker alice: [0/50 (0%)]	Loss: 0.103777
2020-11-18 09:56:24 - Train Worker alice: [25/50 (50%)]	Loss: 0.076707
2020-11-18 09:56:58 - Train Worker bob: [0/50 (0%)]	Loss: 0.119268
2020-11-18 09:57:18 - Train Worker bob: [25/50 (50%)]	Loss: 0.267707
2020-11-18 09:57:42 - Train Worker charlie: [0/50 (0%)]	Loss: 0.062579
2020-11-18 09:58:06 - Train Worker charlie: [25/50 (50%)]	Loss: 0.075343
2020-11-18 09:59:24 - Starting training round, batches [350, 400]
2020-11-18 09:59:26 - Train Worker alice: [0/50 (0%)]	Loss: 0.212036
2020-11-18 09:59:53 - Train Worker alice: [25/50 (50%)]	Loss: 0.020055
2020-11-18 10:00:25 - Train Worker bob: [0/50 (0%)]	Loss: 0.045515
2020-11-18 10:00:44 - Train Worker bob: [25/50 (50%)]	Loss: 0.057116
2020-11-18 10:01:07 - Train Worker charlie: [0/50 (0%)]	Loss: 0.184672
2020-11-18 10:01:31 - Train Worker charlie: [25/50 (50%)]	Loss: 0.467933
2020-11-18 10:02:52 - Starting training round, batches [400, 450]
2020-11-18 10:02:54 - Train Worker alice: [0/50 (0%)]	Loss: 0.091993
2020-11-18 10:03:23 - Train Worker alice: [25/50 (50%)]	Loss: 0.068036
2020-11-18 10:03:59 - Train Worker bob: [0/50 (0%)]	Loss: 0.078719
2020-11-18 10:04:17 - Train Worker bob: [25/50 (50%)]	Loss: 0.071750
2020-11-18 10:04:40 - Train Worker charlie: [0/50 (0%)]	Loss: 0.123043
2020-11-18 10:05:05 - Train Worker charlie: [25/50 (50%)]	Loss: 0.027391
2020-11-18 10:06:21 - Starting training round, batches [450, 500]
2020-11-18 10:06:23 - Train Worker alice: [0/50 (0%)]	Loss: 0.021745
2020-11-18 10:06:51 - Train Worker alice: [25/50 (50%)]	Loss: 0.168333
2020-11-18 10:07:23 - Train Worker bob: [0/50 (0%)]	Loss: 0.052012
2020-11-18 10:07:41 - Train Worker bob: [25/50 (50%)]	Loss: 0.020376
2020-11-18 10:08:05 - Train Worker charlie: [0/50 (0%)]	Loss: 0.036066
2020-11-18 10:08:27 - Train Worker charlie: [25/50 (50%)]	Loss: 0.019355
2020-11-18 10:09:42 - Starting training round, batches [500, 550]
2020-11-18 10:09:44 - Train Worker alice: [0/50 (0%)]	Loss: 0.056820
2020-11-18 10:10:16 - Train Worker alice: [25/50 (50%)]	Loss: 0.028967
2020-11-18 10:10:51 - Train Worker bob: [0/50 (0%)]	Loss: 0.191033
2020-11-18 10:11:09 - Train Worker bob: [25/50 (50%)]	Loss: 0.065118
2020-11-18 10:11:34 - Train Worker charlie: [0/50 (0%)]	Loss: 0.015069
2020-11-18 10:11:57 - Train Worker charlie: [25/50 (50%)]	Loss: 0.035989
2020-11-18 10:13:17 - Starting training round, batches [550, 600]
2020-11-18 10:13:18 - Train Worker alice: [0/50 (0%)]	Loss: 0.033500
2020-11-18 10:13:46 - Train Worker alice: [25/50 (50%)]	Loss: 0.042534
2020-11-18 10:14:20 - Train Worker bob: [0/50 (0%)]	Loss: 0.040393
2020-11-18 10:14:39 - Train Worker bob: [25/50 (50%)]	Loss: 0.086583
2020-11-18 10:15:05 - Train Worker charlie: [0/50 (0%)]	Loss: 0.114062
2020-11-18 10:15:27 - Train Worker charlie: [25/50 (50%)]	Loss: 0.114206
2020-11-18 10:16:19 - Starting training round, batches [600, 650]
2020-11-18 10:16:21 - Train Worker alice: [0/25 (0%)]	Loss: 0.221971
2020-11-18 10:16:54 - Train Worker bob: [0/25 (0%)]	Loss: 0.015796
2020-11-18 10:17:18 - Train Worker charlie: [0/25 (0%)]	Loss: 0.065969
2020-11-18 10:17:48 - Starting training round, batches [650, 700]
2020-11-18 10:17:48 - At least one worker ran out of data, stopping.
2020-11-18 10:17:56 - Test set: Average loss: 0.0755, Accuracy: 9756/10000 (98%)

2020-11-18 10:17:56 - Starting epoch 2/6
2020-11-18 10:18:44 - Starting training round, batches [0, 50]
2020-11-18 10:18:46 - Train Worker alice: [0/50 (0%)]	Loss: 0.076622
2020-11-18 10:19:14 - Train Worker alice: [25/50 (50%)]	Loss: 0.135135
2020-11-18 10:19:44 - Train Worker bob: [0/50 (0%)]	Loss: 0.039096
2020-11-18 10:20:02 - Train Worker bob: [25/50 (50%)]	Loss: 0.070015
2020-11-18 10:20:25 - Train Worker charlie: [0/50 (0%)]	Loss: 0.034969
2020-11-18 10:20:50 - Train Worker charlie: [25/50 (50%)]	Loss: 0.025798
2020-11-18 10:22:08 - Starting training round, batches [50, 100]
2020-11-18 10:22:10 - Train Worker alice: [0/50 (0%)]	Loss: 0.041043
2020-11-18 10:22:39 - Train Worker alice: [25/50 (50%)]	Loss: 0.151369
2020-11-18 10:23:15 - Train Worker bob: [0/50 (0%)]	Loss: 0.074691
2020-11-18 10:23:34 - Train Worker bob: [25/50 (50%)]	Loss: 0.156681
2020-11-18 10:23:58 - Train Worker charlie: [0/50 (0%)]	Loss: 0.086123
2020-11-18 10:24:20 - Train Worker charlie: [25/50 (50%)]	Loss: 0.042229
2020-11-18 10:25:39 - Starting training round, batches [100, 150]
2020-11-18 10:25:41 - Train Worker alice: [0/50 (0%)]	Loss: 0.026601
2020-11-18 10:26:07 - Train Worker alice: [25/50 (50%)]	Loss: 0.090136
2020-11-18 10:26:40 - Train Worker bob: [0/50 (0%)]	Loss: 0.053625
2020-11-18 10:26:57 - Train Worker bob: [25/50 (50%)]	Loss: 0.048516
2020-11-18 10:27:19 - Train Worker charlie: [0/50 (0%)]	Loss: 0.013560
2020-11-18 10:27:43 - Train Worker charlie: [25/50 (50%)]	Loss: 0.154641
2020-11-18 10:29:00 - Starting training round, batches [150, 200]
2020-11-18 10:29:02 - Train Worker alice: [0/50 (0%)]	Loss: 0.006623
2020-11-18 10:29:32 - Train Worker alice: [25/50 (50%)]	Loss: 0.082554
2020-11-18 10:30:09 - Train Worker bob: [0/50 (0%)]	Loss: 0.014163
2020-11-18 10:30:27 - Train Worker bob: [25/50 (50%)]	Loss: 0.171068
2020-11-18 10:30:50 - Train Worker charlie: [0/50 (0%)]	Loss: 0.031812
2020-11-18 10:31:11 - Train Worker charlie: [25/50 (50%)]	Loss: 0.130176
2020-11-18 10:32:27 - Starting training round, batches [200, 250]
2020-11-18 10:32:29 - Train Worker alice: [0/50 (0%)]	Loss: 0.021263
2020-11-18 10:33:00 - Train Worker alice: [25/50 (50%)]	Loss: 0.035694
2020-11-18 10:33:36 - Train Worker bob: [0/50 (0%)]	Loss: 0.026250
2020-11-18 10:33:54 - Train Worker bob: [25/50 (50%)]	Loss: 0.088606
2020-11-18 10:34:17 - Train Worker charlie: [0/50 (0%)]	Loss: 0.056959
2020-11-18 10:34:40 - Train Worker charlie: [25/50 (50%)]	Loss: 0.023962
2020-11-18 10:35:59 - Starting training round, batches [250, 300]
2020-11-18 10:36:01 - Train Worker alice: [0/50 (0%)]	Loss: 0.012099
2020-11-18 10:36:28 - Train Worker alice: [25/50 (50%)]	Loss: 0.044141
2020-11-18 10:37:02 - Train Worker bob: [0/50 (0%)]	Loss: 0.012252
2020-11-18 10:37:20 - Train Worker bob: [25/50 (50%)]	Loss: 0.063381
2020-11-18 10:37:44 - Train Worker charlie: [0/50 (0%)]	Loss: 0.254855
2020-11-18 10:38:06 - Train Worker charlie: [25/50 (50%)]	Loss: 0.085919
2020-11-18 10:39:27 - Starting training round, batches [300, 350]
2020-11-18 10:39:30 - Train Worker alice: [0/50 (0%)]	Loss: 0.026069
2020-11-18 10:39:55 - Train Worker alice: [25/50 (50%)]	Loss: 0.312657
2020-11-18 10:40:27 - Train Worker bob: [0/50 (0%)]	Loss: 0.013351
2020-11-18 10:40:45 - Train Worker bob: [25/50 (50%)]	Loss: 0.202032
2020-11-18 10:41:10 - Train Worker charlie: [0/50 (0%)]	Loss: 0.048716
2020-11-18 10:41:33 - Train Worker charlie: [25/50 (50%)]	Loss: 0.133398
2020-11-18 10:42:51 - Starting training round, batches [350, 400]
2020-11-18 10:42:53 - Train Worker alice: [0/50 (0%)]	Loss: 0.187257
2020-11-18 10:43:25 - Train Worker alice: [25/50 (50%)]	Loss: 0.058219
2020-11-18 10:44:00 - Train Worker bob: [0/50 (0%)]	Loss: 0.260485
2020-11-18 10:44:19 - Train Worker bob: [25/50 (50%)]	Loss: 0.007421
2020-11-18 10:44:43 - Train Worker charlie: [0/50 (0%)]	Loss: 0.026437
2020-11-18 10:45:07 - Train Worker charlie: [25/50 (50%)]	Loss: 0.006414
2020-11-18 10:46:24 - Starting training round, batches [400, 450]
2020-11-18 10:46:26 - Train Worker alice: [0/50 (0%)]	Loss: 0.004424
2020-11-18 10:46:54 - Train Worker alice: [25/50 (50%)]	Loss: 0.017594
2020-11-18 10:47:24 - Train Worker bob: [0/50 (0%)]	Loss: 0.006053
2020-11-18 10:47:44 - Train Worker bob: [25/50 (50%)]	Loss: 0.184695
2020-11-18 10:48:06 - Train Worker charlie: [0/50 (0%)]	Loss: 0.067572
2020-11-18 10:48:31 - Train Worker charlie: [25/50 (50%)]	Loss: 0.036272
2020-11-18 10:49:51 - Starting training round, batches [450, 500]
2020-11-18 10:49:53 - Train Worker alice: [0/50 (0%)]	Loss: 0.048653
2020-11-18 10:50:24 - Train Worker alice: [25/50 (50%)]	Loss: 0.120086
2020-11-18 10:51:05 - Train Worker bob: [0/50 (0%)]	Loss: 0.011737
2020-11-18 10:51:22 - Train Worker bob: [25/50 (50%)]	Loss: 0.052625
2020-11-18 10:51:48 - Train Worker charlie: [0/50 (0%)]	Loss: 0.016832
2020-11-18 10:52:10 - Train Worker charlie: [25/50 (50%)]	Loss: 0.337224
2020-11-18 10:53:29 - Starting training round, batches [500, 550]
2020-11-18 10:53:30 - Train Worker alice: [0/50 (0%)]	Loss: 0.048944
2020-11-18 10:53:59 - Train Worker alice: [25/50 (50%)]	Loss: 0.040227
2020-11-18 10:54:36 - Train Worker bob: [0/50 (0%)]	Loss: 0.026105
2020-11-18 10:54:53 - Train Worker bob: [25/50 (50%)]	Loss: 0.016810
2020-11-18 10:55:19 - Train Worker charlie: [0/50 (0%)]	Loss: 0.004572
2020-11-18 10:55:42 - Train Worker charlie: [25/50 (50%)]	Loss: 0.010814
2020-11-18 10:57:02 - Starting training round, batches [550, 600]
2020-11-18 10:57:04 - Train Worker alice: [0/50 (0%)]	Loss: 0.020835
2020-11-18 10:57:30 - Train Worker alice: [25/50 (50%)]	Loss: 0.049986
2020-11-18 10:58:03 - Train Worker bob: [0/50 (0%)]	Loss: 0.317854
2020-11-18 10:58:20 - Train Worker bob: [25/50 (50%)]	Loss: 0.130955
2020-11-18 10:58:45 - Train Worker charlie: [0/50 (0%)]	Loss: 0.080656
2020-11-18 10:59:08 - Train Worker charlie: [25/50 (50%)]	Loss: 0.045123
2020-11-18 10:59:59 - Starting training round, batches [600, 650]
2020-11-18 11:00:00 - Train Worker alice: [0/25 (0%)]	Loss: 0.081787
2020-11-18 11:00:35 - Train Worker bob: [0/25 (0%)]	Loss: 0.010745
2020-11-18 11:00:59 - Train Worker charlie: [0/25 (0%)]	Loss: 0.156103
2020-11-18 11:01:26 - Starting training round, batches [650, 700]
2020-11-18 11:01:26 - At least one worker ran out of data, stopping.
2020-11-18 11:01:32 - Test set: Average loss: 0.0440, Accuracy: 9849/10000 (98%)

2020-11-18 11:01:32 - Starting epoch 3/6
2020-11-18 11:02:21 - Starting training round, batches [0, 50]
2020-11-18 11:02:23 - Train Worker alice: [0/50 (0%)]	Loss: 0.044289
2020-11-18 11:02:49 - Train Worker alice: [25/50 (50%)]	Loss: 0.361401
2020-11-18 11:03:21 - Train Worker bob: [0/50 (0%)]	Loss: 0.122669
2020-11-18 11:03:42 - Train Worker bob: [25/50 (50%)]	Loss: 0.007682
2020-11-18 11:04:06 - Train Worker charlie: [0/50 (0%)]	Loss: 0.280283
2020-11-18 11:04:28 - Train Worker charlie: [25/50 (50%)]	Loss: 0.015691
2020-11-18 11:05:49 - Starting training round, batches [50, 100]
2020-11-18 11:05:51 - Train Worker alice: [0/50 (0%)]	Loss: 0.010514
2020-11-18 11:06:19 - Train Worker alice: [25/50 (50%)]	Loss: 0.058664
2020-11-18 11:06:55 - Train Worker bob: [0/50 (0%)]	Loss: 0.040272
2020-11-18 11:07:13 - Train Worker bob: [25/50 (50%)]	Loss: 0.006884
2020-11-18 11:07:36 - Train Worker charlie: [0/50 (0%)]	Loss: 0.022276
2020-11-18 11:07:59 - Train Worker charlie: [25/50 (50%)]	Loss: 0.096108
2020-11-18 11:09:17 - Starting training round, batches [100, 150]
2020-11-18 11:09:19 - Train Worker alice: [0/50 (0%)]	Loss: 0.245976
2020-11-18 11:09:47 - Train Worker alice: [25/50 (50%)]	Loss: 0.046750
2020-11-18 11:10:22 - Train Worker bob: [0/50 (0%)]	Loss: 0.011336
2020-11-18 11:10:41 - Train Worker bob: [25/50 (50%)]	Loss: 0.114087
2020-11-18 11:11:06 - Train Worker charlie: [0/50 (0%)]	Loss: 0.013975
2020-11-18 11:11:29 - Train Worker charlie: [25/50 (50%)]	Loss: 0.002899
2020-11-18 11:12:47 - Starting training round, batches [150, 200]
2020-11-18 11:12:48 - Train Worker alice: [0/50 (0%)]	Loss: 0.009042
2020-11-18 11:13:20 - Train Worker alice: [25/50 (50%)]	Loss: 0.003646
2020-11-18 11:14:03 - Train Worker bob: [0/50 (0%)]	Loss: 0.023320
2020-11-18 11:14:22 - Train Worker bob: [25/50 (50%)]	Loss: 0.004877
2020-11-18 11:14:45 - Train Worker charlie: [0/50 (0%)]	Loss: 0.060872
2020-11-18 11:15:11 - Train Worker charlie: [25/50 (50%)]	Loss: 0.043477
2020-11-18 11:16:28 - Starting training round, batches [200, 250]
2020-11-18 11:16:31 - Train Worker alice: [0/50 (0%)]	Loss: 0.029505
2020-11-18 11:17:02 - Train Worker alice: [25/50 (50%)]	Loss: 0.029173
2020-11-18 11:17:37 - Train Worker bob: [0/50 (0%)]	Loss: 0.045716
2020-11-18 11:17:56 - Train Worker bob: [25/50 (50%)]	Loss: 0.021785
2020-11-18 11:18:19 - Train Worker charlie: [0/50 (0%)]	Loss: 0.020506
2020-11-18 11:18:43 - Train Worker charlie: [25/50 (50%)]	Loss: 0.044172
2020-11-18 11:20:04 - Starting training round, batches [250, 300]
2020-11-18 11:20:06 - Train Worker alice: [0/50 (0%)]	Loss: 0.086181
2020-11-18 11:20:42 - Train Worker alice: [25/50 (50%)]	Loss: 0.026417
2020-11-18 11:21:17 - Train Worker bob: [0/50 (0%)]	Loss: 0.001453
2020-11-18 11:21:35 - Train Worker bob: [25/50 (50%)]	Loss: 0.098537
2020-11-18 11:21:59 - Train Worker charlie: [0/50 (0%)]	Loss: 0.044791
2020-11-18 11:22:22 - Train Worker charlie: [25/50 (50%)]	Loss: 0.015710
2020-11-18 11:23:39 - Starting training round, batches [300, 350]
2020-11-18 11:23:41 - Train Worker alice: [0/50 (0%)]	Loss: 0.006480
2020-11-18 11:24:12 - Train Worker alice: [25/50 (50%)]	Loss: 0.068233
2020-11-18 11:24:50 - Train Worker bob: [0/50 (0%)]	Loss: 0.001654
2020-11-18 11:25:08 - Train Worker bob: [25/50 (50%)]	Loss: 0.123468
2020-11-18 11:25:35 - Train Worker charlie: [0/50 (0%)]	Loss: 0.005824
2020-11-18 11:25:57 - Train Worker charlie: [25/50 (50%)]	Loss: 0.011273
2020-11-18 11:27:14 - Starting training round, batches [350, 400]
2020-11-18 11:27:16 - Train Worker alice: [0/50 (0%)]	Loss: 0.181647
2020-11-18 11:27:49 - Train Worker alice: [25/50 (50%)]	Loss: 0.038043
2020-11-18 11:28:28 - Train Worker bob: [0/50 (0%)]	Loss: 0.027970
2020-11-18 11:28:46 - Train Worker bob: [25/50 (50%)]	Loss: 0.169048
2020-11-18 11:29:10 - Train Worker charlie: [0/50 (0%)]	Loss: 0.009271
2020-11-18 11:29:35 - Train Worker charlie: [25/50 (50%)]	Loss: 0.102876
2020-11-18 11:30:53 - Starting training round, batches [400, 450]
2020-11-18 11:30:56 - Train Worker alice: [0/50 (0%)]	Loss: 0.017693
2020-11-18 11:31:32 - Train Worker alice: [25/50 (50%)]	Loss: 0.020448
2020-11-18 11:32:03 - Train Worker bob: [0/50 (0%)]	Loss: 0.001673
2020-11-18 11:32:21 - Train Worker bob: [25/50 (50%)]	Loss: 0.048707
2020-11-18 11:32:44 - Train Worker charlie: [0/50 (0%)]	Loss: 0.001912
2020-11-18 11:33:07 - Train Worker charlie: [25/50 (50%)]	Loss: 0.009498
2020-11-18 11:34:23 - Starting training round, batches [450, 500]
2020-11-18 11:34:24 - Train Worker alice: [0/50 (0%)]	Loss: 0.033651
2020-11-18 11:34:53 - Train Worker alice: [25/50 (50%)]	Loss: 0.020742
2020-11-18 11:35:28 - Train Worker bob: [0/50 (0%)]	Loss: 0.034103
2020-11-18 11:35:47 - Train Worker bob: [25/50 (50%)]	Loss: 0.019899
2020-11-18 11:36:12 - Train Worker charlie: [0/50 (0%)]	Loss: 0.017850
2020-11-18 11:36:37 - Train Worker charlie: [25/50 (50%)]	Loss: 0.022028
2020-11-18 11:37:56 - Starting training round, batches [500, 550]
2020-11-18 11:37:58 - Train Worker alice: [0/50 (0%)]	Loss: 0.047399
2020-11-18 11:38:24 - Train Worker alice: [25/50 (50%)]	Loss: 0.158648
2020-11-18 11:39:04 - Train Worker bob: [0/50 (0%)]	Loss: 0.012710
2020-11-18 11:39:20 - Train Worker bob: [25/50 (50%)]	Loss: 0.005434
2020-11-18 11:39:45 - Train Worker charlie: [0/50 (0%)]	Loss: 0.015021
2020-11-18 11:40:07 - Train Worker charlie: [25/50 (50%)]	Loss: 0.165942
2020-11-18 11:41:26 - Starting training round, batches [550, 600]
2020-11-18 11:41:29 - Train Worker alice: [0/50 (0%)]	Loss: 0.006061
2020-11-18 11:42:01 - Train Worker alice: [25/50 (50%)]	Loss: 0.006725
2020-11-18 11:42:38 - Train Worker bob: [0/50 (0%)]	Loss: 0.001615
2020-11-18 11:42:56 - Train Worker bob: [25/50 (50%)]	Loss: 0.008956
2020-11-18 11:43:20 - Train Worker charlie: [0/50 (0%)]	Loss: 0.055027
2020-11-18 11:43:44 - Train Worker charlie: [25/50 (50%)]	Loss: 0.054022
2020-11-18 11:44:39 - Starting training round, batches [600, 650]
2020-11-18 11:44:41 - Train Worker alice: [0/25 (0%)]	Loss: 0.007074
2020-11-18 11:45:14 - Train Worker bob: [0/25 (0%)]	Loss: 0.075273
2020-11-18 11:45:39 - Train Worker charlie: [0/25 (0%)]	Loss: 0.011937
2020-11-18 11:46:07 - Starting training round, batches [650, 700]
2020-11-18 11:46:07 - At least one worker ran out of data, stopping.
2020-11-18 11:46:15 - Test set: Average loss: 0.0339, Accuracy: 9888/10000 (99%)

2020-11-18 11:46:15 - Starting epoch 4/6
2020-11-18 11:47:06 - Starting training round, batches [0, 50]
2020-11-18 11:47:07 - Train Worker alice: [0/50 (0%)]	Loss: 0.087122
2020-11-18 11:47:39 - Train Worker alice: [25/50 (50%)]	Loss: 0.003532
2020-11-18 11:48:11 - Train Worker bob: [0/50 (0%)]	Loss: 0.040178
2020-11-18 11:48:28 - Train Worker bob: [25/50 (50%)]	Loss: 0.117705
2020-11-18 11:48:54 - Train Worker charlie: [0/50 (0%)]	Loss: 0.028259
2020-11-18 11:49:19 - Train Worker charlie: [25/50 (50%)]	Loss: 0.053895
2020-11-18 11:50:42 - Starting training round, batches [50, 100]
2020-11-18 11:50:43 - Train Worker alice: [0/50 (0%)]	Loss: 0.004466
2020-11-18 11:51:09 - Train Worker alice: [25/50 (50%)]	Loss: 0.007846
2020-11-18 11:51:41 - Train Worker bob: [0/50 (0%)]	Loss: 0.002359
2020-11-18 11:52:00 - Train Worker bob: [25/50 (50%)]	Loss: 0.004100
2020-11-18 11:52:24 - Train Worker charlie: [0/50 (0%)]	Loss: 0.010763
2020-11-18 11:52:47 - Train Worker charlie: [25/50 (50%)]	Loss: 0.053661
2020-11-18 11:54:09 - Starting training round, batches [100, 150]
2020-11-18 11:54:11 - Train Worker alice: [0/50 (0%)]	Loss: 0.009842
2020-11-18 11:54:37 - Train Worker alice: [25/50 (50%)]	Loss: 0.036210
2020-11-18 11:55:05 - Train Worker bob: [0/50 (0%)]	Loss: 0.079967
2020-11-18 11:55:24 - Train Worker bob: [25/50 (50%)]	Loss: 0.108030
2020-11-18 11:55:48 - Train Worker charlie: [0/50 (0%)]	Loss: 0.036941
2020-11-18 11:56:12 - Train Worker charlie: [25/50 (50%)]	Loss: 0.006193
2020-11-18 11:57:29 - Starting training round, batches [150, 200]
2020-11-18 11:57:31 - Train Worker alice: [0/50 (0%)]	Loss: 0.044560
2020-11-18 11:57:58 - Train Worker alice: [25/50 (50%)]	Loss: 0.220021
2020-11-18 11:58:33 - Train Worker bob: [0/50 (0%)]	Loss: 0.024549
2020-11-18 11:58:52 - Train Worker bob: [25/50 (50%)]	Loss: 0.004549
2020-11-18 11:59:16 - Train Worker charlie: [0/50 (0%)]	Loss: 0.062056
2020-11-18 11:59:40 - Train Worker charlie: [25/50 (50%)]	Loss: 0.058319
2020-11-18 12:00:57 - Starting training round, batches [200, 250]
2020-11-18 12:00:58 - Train Worker alice: [0/50 (0%)]	Loss: 0.007276
2020-11-18 12:01:28 - Train Worker alice: [25/50 (50%)]	Loss: 0.007459
2020-11-18 12:02:01 - Train Worker bob: [0/50 (0%)]	Loss: 0.012907
2020-11-18 12:02:20 - Train Worker bob: [25/50 (50%)]	Loss: 0.020539
2020-11-18 12:02:44 - Train Worker charlie: [0/50 (0%)]	Loss: 0.039010
2020-11-18 12:03:09 - Train Worker charlie: [25/50 (50%)]	Loss: 0.020916
2020-11-18 12:04:28 - Starting training round, batches [250, 300]
2020-11-18 12:04:31 - Train Worker alice: [0/50 (0%)]	Loss: 0.013336
2020-11-18 12:04:59 - Train Worker alice: [25/50 (50%)]	Loss: 0.002871
2020-11-18 12:05:30 - Train Worker bob: [0/50 (0%)]	Loss: 0.017938
2020-11-18 12:05:49 - Train Worker bob: [25/50 (50%)]	Loss: 0.018507
2020-11-18 12:06:11 - Train Worker charlie: [0/50 (0%)]	Loss: 0.018164
2020-11-18 12:06:33 - Train Worker charlie: [25/50 (50%)]	Loss: 0.037498
2020-11-18 12:07:53 - Starting training round, batches [300, 350]
2020-11-18 12:07:55 - Train Worker alice: [0/50 (0%)]	Loss: 0.044611
2020-11-18 12:08:24 - Train Worker alice: [25/50 (50%)]	Loss: 0.007312
2020-11-18 12:08:58 - Train Worker bob: [0/50 (0%)]	Loss: 0.004480
2020-11-18 12:09:16 - Train Worker bob: [25/50 (50%)]	Loss: 0.244925
2020-11-18 12:09:40 - Train Worker charlie: [0/50 (0%)]	Loss: 0.015443
2020-11-18 12:10:03 - Train Worker charlie: [25/50 (50%)]	Loss: 0.032206
2020-11-18 12:11:22 - Starting training round, batches [350, 400]
2020-11-18 12:11:24 - Train Worker alice: [0/50 (0%)]	Loss: 0.003536
2020-11-18 12:11:55 - Train Worker alice: [25/50 (50%)]	Loss: 0.066375
2020-11-18 12:12:25 - Train Worker bob: [0/50 (0%)]	Loss: 0.002335
2020-11-18 12:12:42 - Train Worker bob: [25/50 (50%)]	Loss: 0.001996
2020-11-18 12:13:06 - Train Worker charlie: [0/50 (0%)]	Loss: 0.003162
2020-11-18 12:13:29 - Train Worker charlie: [25/50 (50%)]	Loss: 0.004126
2020-11-18 12:14:48 - Starting training round, batches [400, 450]
2020-11-18 12:14:50 - Train Worker alice: [0/50 (0%)]	Loss: 0.004181
2020-11-18 12:15:17 - Train Worker alice: [25/50 (50%)]	Loss: 0.089761
2020-11-18 12:15:52 - Train Worker bob: [0/50 (0%)]	Loss: 0.067005
2020-11-18 12:16:12 - Train Worker bob: [25/50 (50%)]	Loss: 0.002572
2020-11-18 12:16:35 - Train Worker charlie: [0/50 (0%)]	Loss: 0.002863
2020-11-18 12:17:00 - Train Worker charlie: [25/50 (50%)]	Loss: 0.028545
2020-11-18 12:18:17 - Starting training round, batches [450, 500]
2020-11-18 12:18:18 - Train Worker alice: [0/50 (0%)]	Loss: 0.015952
2020-11-18 12:18:46 - Train Worker alice: [25/50 (50%)]	Loss: 0.219404
2020-11-18 12:19:19 - Train Worker bob: [0/50 (0%)]	Loss: 0.177230
2020-11-18 12:19:38 - Train Worker bob: [25/50 (50%)]	Loss: 0.122708
2020-11-18 12:20:03 - Train Worker charlie: [0/50 (0%)]	Loss: 0.058046
2020-11-18 12:20:27 - Train Worker charlie: [25/50 (50%)]	Loss: 0.002497
2020-11-18 12:21:48 - Starting training round, batches [500, 550]
2020-11-18 12:21:50 - Train Worker alice: [0/50 (0%)]	Loss: 0.014839
2020-11-18 12:22:18 - Train Worker alice: [25/50 (50%)]	Loss: 0.038319
2020-11-18 12:22:52 - Train Worker bob: [0/50 (0%)]	Loss: 0.010643
2020-11-18 12:23:10 - Train Worker bob: [25/50 (50%)]	Loss: 0.005260
2020-11-18 12:23:34 - Train Worker charlie: [0/50 (0%)]	Loss: 0.022250
2020-11-18 12:23:56 - Train Worker charlie: [25/50 (50%)]	Loss: 0.090861
2020-11-18 12:25:14 - Starting training round, batches [550, 600]
2020-11-18 12:25:16 - Train Worker alice: [0/50 (0%)]	Loss: 0.029164
2020-11-18 12:25:45 - Train Worker alice: [25/50 (50%)]	Loss: 0.001273
2020-11-18 12:26:20 - Train Worker bob: [0/50 (0%)]	Loss: 0.002325
2020-11-18 12:26:40 - Train Worker bob: [25/50 (50%)]	Loss: 0.009021
2020-11-18 12:27:05 - Train Worker charlie: [0/50 (0%)]	Loss: 0.045383
2020-11-18 12:27:29 - Train Worker charlie: [25/50 (50%)]	Loss: 0.110769
2020-11-18 12:28:23 - Starting training round, batches [600, 650]
2020-11-18 12:28:25 - Train Worker alice: [0/25 (0%)]	Loss: 0.148043
2020-11-18 12:28:59 - Train Worker bob: [0/25 (0%)]	Loss: 0.006495
2020-11-18 12:29:22 - Train Worker charlie: [0/25 (0%)]	Loss: 0.043176
2020-11-18 12:29:49 - Starting training round, batches [650, 700]
2020-11-18 12:29:49 - At least one worker ran out of data, stopping.
2020-11-18 12:29:56 - Test set: Average loss: 0.0315, Accuracy: 9893/10000 (99%)

2020-11-18 12:29:56 - Starting epoch 5/6
2020-11-18 12:30:50 - Starting training round, batches [0, 50]
2020-11-18 12:30:51 - Train Worker alice: [0/50 (0%)]	Loss: 0.009719
2020-11-18 12:31:22 - Train Worker alice: [25/50 (50%)]	Loss: 0.006157
2020-11-18 12:31:57 - Train Worker bob: [0/50 (0%)]	Loss: 0.019788
2020-11-18 12:32:15 - Train Worker bob: [25/50 (50%)]	Loss: 0.076508
2020-11-18 12:32:39 - Train Worker charlie: [0/50 (0%)]	Loss: 0.010625
2020-11-18 12:33:03 - Train Worker charlie: [25/50 (50%)]	Loss: 0.014673
2020-11-18 12:34:21 - Starting training round, batches [50, 100]
2020-11-18 12:34:23 - Train Worker alice: [0/50 (0%)]	Loss: 0.013335
2020-11-18 12:34:50 - Train Worker alice: [25/50 (50%)]	Loss: 0.232174
2020-11-18 12:35:23 - Train Worker bob: [0/50 (0%)]	Loss: 0.089333
2020-11-18 12:35:42 - Train Worker bob: [25/50 (50%)]	Loss: 0.007938
2020-11-18 12:36:06 - Train Worker charlie: [0/50 (0%)]	Loss: 0.171546
2020-11-18 12:36:28 - Train Worker charlie: [25/50 (50%)]	Loss: 0.165779
2020-11-18 12:37:46 - Starting training round, batches [100, 150]
2020-11-18 12:37:48 - Train Worker alice: [0/50 (0%)]	Loss: 0.051742
2020-11-18 12:38:15 - Train Worker alice: [25/50 (50%)]	Loss: 0.092521
2020-11-18 12:38:48 - Train Worker bob: [0/50 (0%)]	Loss: 0.010534
2020-11-18 12:39:07 - Train Worker bob: [25/50 (50%)]	Loss: 0.005846
2020-11-18 12:39:30 - Train Worker charlie: [0/50 (0%)]	Loss: 0.002567
2020-11-18 12:39:53 - Train Worker charlie: [25/50 (50%)]	Loss: 0.020162
2020-11-18 12:41:12 - Starting training round, batches [150, 200]
2020-11-18 12:41:13 - Train Worker alice: [0/50 (0%)]	Loss: 0.007164
2020-11-18 12:41:42 - Train Worker alice: [25/50 (50%)]	Loss: 0.062645
2020-11-18 12:42:16 - Train Worker bob: [0/50 (0%)]	Loss: 0.039668
2020-11-18 12:42:34 - Train Worker bob: [25/50 (50%)]	Loss: 0.006730
2020-11-18 12:42:58 - Train Worker charlie: [0/50 (0%)]	Loss: 0.001412
2020-11-18 12:43:21 - Train Worker charlie: [25/50 (50%)]	Loss: 0.017590
2020-11-18 12:44:37 - Starting training round, batches [200, 250]
2020-11-18 12:44:39 - Train Worker alice: [0/50 (0%)]	Loss: 0.017628
2020-11-18 12:45:07 - Train Worker alice: [25/50 (50%)]	Loss: 0.006221
2020-11-18 12:45:41 - Train Worker bob: [0/50 (0%)]	Loss: 0.070144
2020-11-18 12:45:57 - Train Worker bob: [25/50 (50%)]	Loss: 0.128105
2020-11-18 12:46:20 - Train Worker charlie: [0/50 (0%)]	Loss: 0.161642
2020-11-18 12:46:44 - Train Worker charlie: [25/50 (50%)]	Loss: 0.002075
2020-11-18 12:48:02 - Starting training round, batches [250, 300]
2020-11-18 12:48:04 - Train Worker alice: [0/50 (0%)]	Loss: 0.009895
2020-11-18 12:48:31 - Train Worker alice: [25/50 (50%)]	Loss: 0.004823
2020-11-18 12:49:03 - Train Worker bob: [0/50 (0%)]	Loss: 0.000276
2020-11-18 12:49:21 - Train Worker bob: [25/50 (50%)]	Loss: 0.065845
2020-11-18 12:49:44 - Train Worker charlie: [0/50 (0%)]	Loss: 0.013951
2020-11-18 12:50:08 - Train Worker charlie: [25/50 (50%)]	Loss: 0.009480
2020-11-18 12:51:26 - Starting training round, batches [300, 350]
2020-11-18 12:51:28 - Train Worker alice: [0/50 (0%)]	Loss: 0.097728
2020-11-18 12:52:00 - Train Worker alice: [25/50 (50%)]	Loss: 0.059236
2020-11-18 12:52:35 - Train Worker bob: [0/50 (0%)]	Loss: 0.006879
2020-11-18 12:52:53 - Train Worker bob: [25/50 (50%)]	Loss: 0.024089
2020-11-18 12:53:16 - Train Worker charlie: [0/50 (0%)]	Loss: 0.039404
2020-11-18 12:53:40 - Train Worker charlie: [25/50 (50%)]	Loss: 0.021321
2020-11-18 12:54:56 - Starting training round, batches [350, 400]
2020-11-18 12:54:58 - Train Worker alice: [0/50 (0%)]	Loss: 0.001268
2020-11-18 12:55:26 - Train Worker alice: [25/50 (50%)]	Loss: 0.157154
2020-11-18 12:55:59 - Train Worker bob: [0/50 (0%)]	Loss: 0.047777
2020-11-18 12:56:17 - Train Worker bob: [25/50 (50%)]	Loss: 0.013446
2020-11-18 12:56:41 - Train Worker charlie: [0/50 (0%)]	Loss: 0.075834
2020-11-18 12:57:04 - Train Worker charlie: [25/50 (50%)]	Loss: 0.062328
2020-11-18 12:58:19 - Starting training round, batches [400, 450]
2020-11-18 12:58:21 - Train Worker alice: [0/50 (0%)]	Loss: 0.036446
2020-11-18 12:58:50 - Train Worker alice: [25/50 (50%)]	Loss: 0.001801
2020-11-18 12:59:24 - Train Worker bob: [0/50 (0%)]	Loss: 0.014472
2020-11-18 12:59:42 - Train Worker bob: [25/50 (50%)]	Loss: 0.004751
2020-11-18 13:00:06 - Train Worker charlie: [0/50 (0%)]	Loss: 0.007071
2020-11-18 13:00:27 - Train Worker charlie: [25/50 (50%)]	Loss: 0.006070
2020-11-18 13:01:44 - Starting training round, batches [450, 500]
2020-11-18 13:01:45 - Train Worker alice: [0/50 (0%)]	Loss: 0.033131
2020-11-18 13:02:12 - Train Worker alice: [25/50 (50%)]	Loss: 0.107339
2020-11-18 13:02:44 - Train Worker bob: [0/50 (0%)]	Loss: 0.136480
2020-11-18 13:03:04 - Train Worker bob: [25/50 (50%)]	Loss: 0.048658
2020-11-18 13:03:26 - Train Worker charlie: [0/50 (0%)]	Loss: 0.004720
2020-11-18 13:03:50 - Train Worker charlie: [25/50 (50%)]	Loss: 0.007881
2020-11-18 13:05:04 - Starting training round, batches [500, 550]
2020-11-18 13:05:06 - Train Worker alice: [0/50 (0%)]	Loss: 0.001158
2020-11-18 13:05:34 - Train Worker alice: [25/50 (50%)]	Loss: 0.129017
2020-11-18 13:06:08 - Train Worker bob: [0/50 (0%)]	Loss: 0.058929
2020-11-18 13:06:26 - Train Worker bob: [25/50 (50%)]	Loss: 0.006202
2020-11-18 13:06:51 - Train Worker charlie: [0/50 (0%)]	Loss: 0.022183
2020-11-18 13:07:14 - Train Worker charlie: [25/50 (50%)]	Loss: 0.012793
2020-11-18 13:08:30 - Starting training round, batches [550, 600]
2020-11-18 13:08:32 - Train Worker alice: [0/50 (0%)]	Loss: 0.011332
2020-11-18 13:09:02 - Train Worker alice: [25/50 (50%)]	Loss: 0.006738
2020-11-18 13:09:34 - Train Worker bob: [0/50 (0%)]	Loss: 0.014348
2020-11-18 13:09:53 - Train Worker bob: [25/50 (50%)]	Loss: 0.044966
2020-11-18 13:10:16 - Train Worker charlie: [0/50 (0%)]	Loss: 0.000743
2020-11-18 13:10:39 - Train Worker charlie: [25/50 (50%)]	Loss: 0.001850
2020-11-18 13:11:31 - Starting training round, batches [600, 650]
2020-11-18 13:11:34 - Train Worker alice: [0/25 (0%)]	Loss: 0.011530
2020-11-18 13:12:10 - Train Worker bob: [0/25 (0%)]	Loss: 0.001250
2020-11-18 13:12:33 - Train Worker charlie: [0/25 (0%)]	Loss: 0.010755
2020-11-18 13:13:00 - Starting training round, batches [650, 700]
2020-11-18 13:13:00 - At least one worker ran out of data, stopping.
2020-11-18 13:13:07 - Test set: Average loss: 0.0333, Accuracy: 9897/10000 (99%)

2020-11-18 13:13:07 - Starting epoch 6/6
2020-11-18 13:13:57 - Starting training round, batches [0, 50]
2020-11-18 13:14:00 - Train Worker alice: [0/50 (0%)]	Loss: 0.002124
2020-11-18 13:14:33 - Train Worker alice: [25/50 (50%)]	Loss: 0.032204
2020-11-18 13:15:08 - Train Worker bob: [0/50 (0%)]	Loss: 0.016247
2020-11-18 13:15:26 - Train Worker bob: [25/50 (50%)]	Loss: 0.013029
2020-11-18 13:15:53 - Train Worker charlie: [0/50 (0%)]	Loss: 0.003478
2020-11-18 13:16:15 - Train Worker charlie: [25/50 (50%)]	Loss: 0.091476
2020-11-18 13:17:31 - Starting training round, batches [50, 100]
2020-11-18 13:17:33 - Train Worker alice: [0/50 (0%)]	Loss: 0.015348
2020-11-18 13:18:02 - Train Worker alice: [25/50 (50%)]	Loss: 0.005888
2020-11-18 13:18:35 - Train Worker bob: [0/50 (0%)]	Loss: 0.030847
2020-11-18 13:18:52 - Train Worker bob: [25/50 (50%)]	Loss: 0.043793
2020-11-18 13:19:15 - Train Worker charlie: [0/50 (0%)]	Loss: 0.004539
2020-11-18 13:19:39 - Train Worker charlie: [25/50 (50%)]	Loss: 0.042744
2020-11-18 13:20:58 - Starting training round, batches [100, 150]
2020-11-18 13:21:00 - Train Worker alice: [0/50 (0%)]	Loss: 0.009380
2020-11-18 13:21:30 - Train Worker alice: [25/50 (50%)]	Loss: 0.183778
2020-11-18 13:22:01 - Train Worker bob: [0/50 (0%)]	Loss: 0.000713
2020-11-18 13:22:20 - Train Worker bob: [25/50 (50%)]	Loss: 0.103688
2020-11-18 13:22:45 - Train Worker charlie: [0/50 (0%)]	Loss: 0.012828
2020-11-18 13:23:10 - Train Worker charlie: [25/50 (50%)]	Loss: 0.014450
2020-11-18 13:24:28 - Starting training round, batches [150, 200]
2020-11-18 13:24:30 - Train Worker alice: [0/50 (0%)]	Loss: 0.002811
2020-11-18 13:24:57 - Train Worker alice: [25/50 (50%)]	Loss: 0.004655
2020-11-18 13:25:30 - Train Worker bob: [0/50 (0%)]	Loss: 0.002375
2020-11-18 13:25:49 - Train Worker bob: [25/50 (50%)]	Loss: 0.066484
2020-11-18 13:26:12 - Train Worker charlie: [0/50 (0%)]	Loss: 0.581123
2020-11-18 13:26:35 - Train Worker charlie: [25/50 (50%)]	Loss: 0.011374
2020-11-18 13:27:59 - Starting training round, batches [200, 250]
2020-11-18 13:28:00 - Train Worker alice: [0/50 (0%)]	Loss: 0.007322
2020-11-18 13:28:29 - Train Worker alice: [25/50 (50%)]	Loss: 0.004463
2020-11-18 13:29:05 - Train Worker bob: [0/50 (0%)]	Loss: 0.002955
2020-11-18 13:29:23 - Train Worker bob: [25/50 (50%)]	Loss: 0.052119
2020-11-18 13:29:48 - Train Worker charlie: [0/50 (0%)]	Loss: 0.021677
2020-11-18 13:30:12 - Train Worker charlie: [25/50 (50%)]	Loss: 0.006360
2020-11-18 13:31:33 - Starting training round, batches [250, 300]
2020-11-18 13:31:34 - Train Worker alice: [0/50 (0%)]	Loss: 0.012696
2020-11-18 13:31:59 - Train Worker alice: [25/50 (50%)]	Loss: 0.024529
2020-11-18 13:32:31 - Train Worker bob: [0/50 (0%)]	Loss: 0.002256
2020-11-18 13:32:51 - Train Worker bob: [25/50 (50%)]	Loss: 0.006634
2020-11-18 13:33:13 - Train Worker charlie: [0/50 (0%)]	Loss: 0.008503
2020-11-18 13:33:38 - Train Worker charlie: [25/50 (50%)]	Loss: 0.003797
2020-11-18 13:34:52 - Starting training round, batches [300, 350]
2020-11-18 13:34:54 - Train Worker alice: [0/50 (0%)]	Loss: 0.122895
2020-11-18 13:35:23 - Train Worker alice: [25/50 (50%)]	Loss: 0.016594
2020-11-18 13:35:55 - Train Worker bob: [0/50 (0%)]	Loss: 0.086522
2020-11-18 13:36:12 - Train Worker bob: [25/50 (50%)]	Loss: 0.001782
2020-11-18 13:36:35 - Train Worker charlie: [0/50 (0%)]	Loss: 0.009778
2020-11-18 13:36:54 - Train Worker charlie: [25/50 (50%)]	Loss: 0.019202
2020-11-18 13:38:08 - Starting training round, batches [350, 400]
2020-11-18 13:38:10 - Train Worker alice: [0/50 (0%)]	Loss: 0.001192
2020-11-18 13:38:46 - Train Worker alice: [25/50 (50%)]	Loss: 0.052852
2020-11-18 13:39:22 - Train Worker bob: [0/50 (0%)]	Loss: 0.058805
2020-11-18 13:39:41 - Train Worker bob: [25/50 (50%)]	Loss: 0.050239
2020-11-18 13:40:04 - Train Worker charlie: [0/50 (0%)]	Loss: 0.067876
2020-11-18 13:40:27 - Train Worker charlie: [25/50 (50%)]	Loss: 0.240250
2020-11-18 13:41:49 - Starting training round, batches [400, 450]
2020-11-18 13:41:52 - Train Worker alice: [0/50 (0%)]	Loss: 0.005224
2020-11-18 13:42:22 - Train Worker alice: [25/50 (50%)]	Loss: 0.068172
2020-11-18 13:42:54 - Train Worker bob: [0/50 (0%)]	Loss: 0.004567
2020-11-18 13:43:14 - Train Worker bob: [25/50 (50%)]	Loss: 0.117497
2020-11-18 13:43:38 - Train Worker charlie: [0/50 (0%)]	Loss: 0.133092
2020-11-18 13:43:58 - Train Worker charlie: [25/50 (50%)]	Loss: 0.015896
2020-11-18 13:45:12 - Starting training round, batches [450, 500]
2020-11-18 13:45:14 - Train Worker alice: [0/50 (0%)]	Loss: 0.011825
2020-11-18 13:45:46 - Train Worker alice: [25/50 (50%)]	Loss: 0.004537
2020-11-18 13:46:18 - Train Worker bob: [0/50 (0%)]	Loss: 0.092509
2020-11-18 13:46:37 - Train Worker bob: [25/50 (50%)]	Loss: 0.019959
2020-11-18 13:46:59 - Train Worker charlie: [0/50 (0%)]	Loss: 0.014052
2020-11-18 13:47:22 - Train Worker charlie: [25/50 (50%)]	Loss: 0.014445
2020-11-18 13:48:39 - Starting training round, batches [500, 550]
2020-11-18 13:48:41 - Train Worker alice: [0/50 (0%)]	Loss: 0.068742
2020-11-18 13:49:10 - Train Worker alice: [25/50 (50%)]	Loss: 0.002461
2020-11-18 13:49:42 - Train Worker bob: [0/50 (0%)]	Loss: 0.021725
2020-11-18 13:50:01 - Train Worker bob: [25/50 (50%)]	Loss: 0.026657
2020-11-18 13:50:25 - Train Worker charlie: [0/50 (0%)]	Loss: 0.006127
2020-11-18 13:50:49 - Train Worker charlie: [25/50 (50%)]	Loss: 0.111187
2020-11-18 13:52:10 - Starting training round, batches [550, 600]
2020-11-18 13:52:13 - Train Worker alice: [0/50 (0%)]	Loss: 0.012469
2020-11-18 13:52:40 - Train Worker alice: [25/50 (50%)]	Loss: 0.008320
2020-11-18 13:53:11 - Train Worker bob: [0/50 (0%)]	Loss: 0.009566
2020-11-18 13:53:29 - Train Worker bob: [25/50 (50%)]	Loss: 0.020609
2020-11-18 13:53:53 - Train Worker charlie: [0/50 (0%)]	Loss: 0.005631
2020-11-18 13:54:20 - Train Worker charlie: [25/50 (50%)]	Loss: 0.002910
2020-11-18 13:55:13 - Starting training round, batches [600, 650]
2020-11-18 13:55:15 - Train Worker alice: [0/25 (0%)]	Loss: 0.072899
2020-11-18 13:55:49 - Train Worker bob: [0/25 (0%)]	Loss: 0.016987
2020-11-18 13:56:12 - Train Worker charlie: [0/25 (0%)]	Loss: 0.008525
2020-11-18 13:56:39 - Starting training round, batches [650, 700]
2020-11-18 13:56:39 - At least one worker ran out of data, stopping.
2020-11-18 13:56:46 - Test set: Average loss: 0.0243, Accuracy: 9912/10000 (99%)

